{"/Users/yangyang/project_team087/src/controller/IInsightFacade.js":{"path":"/Users/yangyang/project_team087/src/controller/IInsightFacade.js","statementMap":{"0":{"start":{"line":2,"column":0},"end":{"line":2,"column":62}},"1":{"start":{"line":4,"column":0},"end":{"line":7,"column":89}},"2":{"start":{"line":5,"column":4},"end":{"line":5,"column":46}},"3":{"start":{"line":6,"column":4},"end":{"line":6,"column":42}},"4":{"start":{"line":10,"column":8},"end":{"line":10,"column":23}},"5":{"start":{"line":11,"column":8},"end":{"line":11,"column":52}},"6":{"start":{"line":14,"column":0},"end":{"line":14,"column":36}},"7":{"start":{"line":17,"column":8},"end":{"line":17,"column":23}},"8":{"start":{"line":18,"column":8},"end":{"line":18,"column":56}},"9":{"start":{"line":21,"column":0},"end":{"line":21,"column":44}},"10":{"start":{"line":24,"column":8},"end":{"line":24,"column":23}},"11":{"start":{"line":25,"column":8},"end":{"line":25,"column":58}},"12":{"start":{"line":28,"column":0},"end":{"line":28,"column":48}},"13":{"start":{"line":31,"column":8},"end":{"line":31,"column":23}},"14":{"start":{"line":32,"column":8},"end":{"line":32,"column":55}},"15":{"start":{"line":35,"column":0},"end":{"line":35,"column":42}},"16":{"start":{"line":38,"column":8},"end":{"line":38,"column":23}},"17":{"start":{"line":39,"column":8},"end":{"line":39,"column":53}},"18":{"start":{"line":42,"column":0},"end":{"line":42,"column":38}},"19":{"start":{"line":45,"column":8},"end":{"line":45,"column":23}},"20":{"start":{"line":46,"column":8},"end":{"line":46,"column":59}},"21":{"start":{"line":49,"column":0},"end":{"line":49,"column":50}}},"fnMap":{"0":{"name":"(anonymous_0)","decl":{"start":{"line":4,"column":1},"end":{"line":4,"column":2}},"loc":{"start":{"line":4,"column":31},"end":{"line":7,"column":1}},"line":4},"1":{"name":"(anonymous_1)","decl":{"start":{"line":9,"column":4},"end":{"line":9,"column":5}},"loc":{"start":{"line":9,"column":25},"end":{"line":12,"column":5}},"line":9},"2":{"name":"(anonymous_2)","decl":{"start":{"line":16,"column":4},"end":{"line":16,"column":5}},"loc":{"start":{"line":16,"column":25},"end":{"line":19,"column":5}},"line":16},"3":{"name":"(anonymous_3)","decl":{"start":{"line":23,"column":4},"end":{"line":23,"column":5}},"loc":{"start":{"line":23,"column":25},"end":{"line":26,"column":5}},"line":23},"4":{"name":"(anonymous_4)","decl":{"start":{"line":30,"column":4},"end":{"line":30,"column":5}},"loc":{"start":{"line":30,"column":25},"end":{"line":33,"column":5}},"line":30},"5":{"name":"(anonymous_5)","decl":{"start":{"line":37,"column":4},"end":{"line":37,"column":5}},"loc":{"start":{"line":37,"column":25},"end":{"line":40,"column":5}},"line":37},"6":{"name":"(anonymous_6)","decl":{"start":{"line":44,"column":4},"end":{"line":44,"column":5}},"loc":{"start":{"line":44,"column":25},"end":{"line":47,"column":5}},"line":44}},"branchMap":{"0":{"loc":{"start":{"line":7,"column":24},"end":{"line":7,"column":87}},"type":"binary-expr","locations":[{"start":{"line":7,"column":24},"end":{"line":7,"column":50}},{"start":{"line":7,"column":55},"end":{"line":7,"column":86}}],"line":7}},"s":{"0":1,"1":1,"2":1,"3":1,"4":2377,"5":2377,"6":1,"7":0,"8":0,"9":1,"10":0,"11":0,"12":1,"13":0,"14":0,"15":1,"16":1,"17":1,"18":1,"19":0,"20":0,"21":1},"f":{"0":1,"1":2377,"2":0,"3":0,"4":0,"5":1,"6":0},"b":{"0":[1,1]},"_coverageSchema":"332fd63041d2c1bcb487cc26dd0d5f7d97098a6c","hash":"bbbc7d6310172bc8a2a1c346ec7505a0d9468fc3","contentHash":"cb0372b72631309d3427df8f9074ade6_11.3.0"},"/Users/yangyang/project_team087/src/controller/InsightFacade.js":{"path":"/Users/yangyang/project_team087/src/controller/InsightFacade.js","statementMap":{"0":{"start":{"line":2,"column":0},"end":{"line":2,"column":62}},"1":{"start":{"line":3,"column":15},"end":{"line":3,"column":33}},"2":{"start":{"line":4,"column":25},"end":{"line":4,"column":52}},"3":{"start":{"line":5,"column":11},"end":{"line":5,"column":30}},"4":{"start":{"line":6,"column":21},"end":{"line":6,"column":61}},"5":{"start":{"line":7,"column":23},"end":{"line":7,"column":64}},"6":{"start":{"line":8,"column":27},"end":{"line":8,"column":56}},"7":{"start":{"line":9,"column":30},"end":{"line":9,"column":62}},"8":{"start":{"line":12,"column":8},"end":{"line":12,"column":26}},"9":{"start":{"line":13,"column":8},"end":{"line":13,"column":34}},"10":{"start":{"line":14,"column":8},"end":{"line":14,"column":29}},"11":{"start":{"line":15,"column":8},"end":{"line":15,"column":58}},"12":{"start":{"line":18,"column":8},"end":{"line":20,"column":9}},"13":{"start":{"line":19,"column":12},"end":{"line":19,"column":24}},"14":{"start":{"line":21,"column":8},"end":{"line":21,"column":21}},"15":{"start":{"line":24,"column":8},"end":{"line":37,"column":11}},"16":{"start":{"line":25,"column":12},"end":{"line":25,"column":47}},"17":{"start":{"line":27,"column":25},"end":{"line":27,"column":27}},"18":{"start":{"line":28,"column":12},"end":{"line":30,"column":13}},"19":{"start":{"line":29,"column":16},"end":{"line":29,"column":44}},"20":{"start":{"line":31,"column":12},"end":{"line":31,"column":41}},"21":{"start":{"line":33,"column":12},"end":{"line":33,"column":38}},"22":{"start":{"line":34,"column":12},"end":{"line":36,"column":13}},"23":{"start":{"line":35,"column":16},"end":{"line":35,"column":26}},"24":{"start":{"line":40,"column":8},"end":{"line":50,"column":11}},"25":{"start":{"line":41,"column":22},"end":{"line":43,"column":14}},"26":{"start":{"line":42,"column":16},"end":{"line":42,"column":49}},"27":{"start":{"line":44,"column":12},"end":{"line":46,"column":13}},"28":{"start":{"line":45,"column":16},"end":{"line":45,"column":33}},"29":{"start":{"line":47,"column":12},"end":{"line":47,"column":40}},"30":{"start":{"line":49,"column":12},"end":{"line":49,"column":39}},"31":{"start":{"line":53,"column":8},"end":{"line":66,"column":11}},"32":{"start":{"line":54,"column":12},"end":{"line":61,"column":16}},"33":{"start":{"line":55,"column":16},"end":{"line":60,"column":19}},"34":{"start":{"line":56,"column":20},"end":{"line":58,"column":21}},"35":{"start":{"line":57,"column":24},"end":{"line":57,"column":45}},"36":{"start":{"line":59,"column":20},"end":{"line":59,"column":100}},"37":{"start":{"line":63,"column":12},"end":{"line":63,"column":41}},"38":{"start":{"line":65,"column":12},"end":{"line":65,"column":39}},"39":{"start":{"line":69,"column":8},"end":{"line":72,"column":9}},"40":{"start":{"line":70,"column":12},"end":{"line":70,"column":36}},"41":{"start":{"line":71,"column":12},"end":{"line":71,"column":94}},"42":{"start":{"line":73,"column":8},"end":{"line":75,"column":9}},"43":{"start":{"line":74,"column":12},"end":{"line":74,"column":85}},"44":{"start":{"line":76,"column":8},"end":{"line":79,"column":9}},"45":{"start":{"line":77,"column":12},"end":{"line":77,"column":36}},"46":{"start":{"line":78,"column":12},"end":{"line":78,"column":96}},"47":{"start":{"line":80,"column":8},"end":{"line":105,"column":11}},"48":{"start":{"line":81,"column":12},"end":{"line":86,"column":13}},"49":{"start":{"line":82,"column":16},"end":{"line":82,"column":112}},"50":{"start":{"line":85,"column":16},"end":{"line":85,"column":84}},"51":{"start":{"line":88,"column":23},"end":{"line":88,"column":43}},"52":{"start":{"line":89,"column":12},"end":{"line":92,"column":13}},"53":{"start":{"line":90,"column":16},"end":{"line":90,"column":38}},"54":{"start":{"line":91,"column":16},"end":{"line":91,"column":53}},"55":{"start":{"line":93,"column":12},"end":{"line":102,"column":13}},"56":{"start":{"line":94,"column":34},"end":{"line":94,"column":76}},"57":{"start":{"line":95,"column":16},"end":{"line":97,"column":19}},"58":{"start":{"line":96,"column":20},"end":{"line":96,"column":44}},"59":{"start":{"line":98,"column":16},"end":{"line":98,"column":61}},"60":{"start":{"line":101,"column":16},"end":{"line":101,"column":90}},"61":{"start":{"line":104,"column":12},"end":{"line":104,"column":74}},"62":{"start":{"line":108,"column":8},"end":{"line":114,"column":11}},"63":{"start":{"line":109,"column":12},"end":{"line":109,"column":32}},"64":{"start":{"line":110,"column":12},"end":{"line":110,"column":36}},"65":{"start":{"line":111,"column":12},"end":{"line":111,"column":41}},"66":{"start":{"line":113,"column":12},"end":{"line":113,"column":39}},"67":{"start":{"line":117,"column":8},"end":{"line":119,"column":9}},"68":{"start":{"line":118,"column":12},"end":{"line":118,"column":97}},"69":{"start":{"line":120,"column":35},"end":{"line":120,"column":40}},"70":{"start":{"line":121,"column":8},"end":{"line":125,"column":9}},"71":{"start":{"line":122,"column":12},"end":{"line":122,"column":36}},"72":{"start":{"line":123,"column":12},"end":{"line":123,"column":32}},"73":{"start":{"line":124,"column":12},"end":{"line":124,"column":40}},"74":{"start":{"line":126,"column":8},"end":{"line":135,"column":11}},"75":{"start":{"line":127,"column":12},"end":{"line":129,"column":13}},"76":{"start":{"line":128,"column":16},"end":{"line":128,"column":43}},"77":{"start":{"line":131,"column":12},"end":{"line":133,"column":13}},"78":{"start":{"line":132,"column":16},"end":{"line":132,"column":43}},"79":{"start":{"line":134,"column":12},"end":{"line":134,"column":75}},"80":{"start":{"line":138,"column":8},"end":{"line":150,"column":11}},"81":{"start":{"line":139,"column":23},"end":{"line":139,"column":61}},"82":{"start":{"line":140,"column":28},"end":{"line":140,"column":48}},"83":{"start":{"line":141,"column":12},"end":{"line":143,"column":13}},"84":{"start":{"line":142,"column":16},"end":{"line":142,"column":82}},"85":{"start":{"line":144,"column":31},"end":{"line":144,"column":33}},"86":{"start":{"line":145,"column":12},"end":{"line":147,"column":13}},"87":{"start":{"line":146,"column":16},"end":{"line":146,"column":57}},"88":{"start":{"line":148,"column":23},"end":{"line":148,"column":63}},"89":{"start":{"line":149,"column":12},"end":{"line":149,"column":33}},"90":{"start":{"line":153,"column":30},"end":{"line":153,"column":32}},"91":{"start":{"line":154,"column":8},"end":{"line":165,"column":11}},"92":{"start":{"line":155,"column":12},"end":{"line":161,"column":15}},"93":{"start":{"line":156,"column":16},"end":{"line":160,"column":19}},"94":{"start":{"line":162,"column":12},"end":{"line":162,"column":52}},"95":{"start":{"line":164,"column":12},"end":{"line":164,"column":74}},"96":{"start":{"line":168,"column":0},"end":{"line":168,"column":32}}},"fnMap":{"0":{"name":"(anonymous_0)","decl":{"start":{"line":11,"column":4},"end":{"line":11,"column":5}},"loc":{"start":{"line":11,"column":18},"end":{"line":16,"column":5}},"line":11},"1":{"name":"(anonymous_1)","decl":{"start":{"line":17,"column":4},"end":{"line":17,"column":5}},"loc":{"start":{"line":17,"column":14},"end":{"line":22,"column":5}},"line":17},"2":{"name":"(anonymous_2)","decl":{"start":{"line":23,"column":4},"end":{"line":23,"column":5}},"loc":{"start":{"line":23,"column":24},"end":{"line":38,"column":5}},"line":23},"3":{"name":"(anonymous_3)","decl":{"start":{"line":24,"column":62},"end":{"line":24,"column":63}},"loc":{"start":{"line":24,"column":72},"end":{"line":26,"column":9}},"line":24},"4":{"name":"(anonymous_4)","decl":{"start":{"line":26,"column":16},"end":{"line":26,"column":17}},"loc":{"start":{"line":26,"column":26},"end":{"line":32,"column":9}},"line":26},"5":{"name":"(anonymous_5)","decl":{"start":{"line":32,"column":17},"end":{"line":32,"column":18}},"loc":{"start":{"line":32,"column":26},"end":{"line":37,"column":9}},"line":32},"6":{"name":"(anonymous_6)","decl":{"start":{"line":39,"column":4},"end":{"line":39,"column":5}},"loc":{"start":{"line":39,"column":27},"end":{"line":51,"column":5}},"line":39},"7":{"name":"(anonymous_7)","decl":{"start":{"line":40,"column":46},"end":{"line":40,"column":47}},"loc":{"start":{"line":40,"column":57},"end":{"line":48,"column":9}},"line":40},"8":{"name":"(anonymous_8)","decl":{"start":{"line":41,"column":32},"end":{"line":41,"column":33}},"loc":{"start":{"line":41,"column":42},"end":{"line":43,"column":13}},"line":41},"9":{"name":"(anonymous_9)","decl":{"start":{"line":48,"column":17},"end":{"line":48,"column":18}},"loc":{"start":{"line":48,"column":26},"end":{"line":50,"column":9}},"line":48},"10":{"name":"(anonymous_10)","decl":{"start":{"line":52,"column":4},"end":{"line":52,"column":5}},"loc":{"start":{"line":52,"column":27},"end":{"line":67,"column":5}},"line":52},"11":{"name":"(anonymous_11)","decl":{"start":{"line":53,"column":48},"end":{"line":53,"column":49}},"loc":{"start":{"line":53,"column":57},"end":{"line":62,"column":9}},"line":53},"12":{"name":"(anonymous_12)","decl":{"start":{"line":54,"column":39},"end":{"line":54,"column":40}},"loc":{"start":{"line":54,"column":47},"end":{"line":61,"column":13}},"line":54},"13":{"name":"(anonymous_13)","decl":{"start":{"line":55,"column":35},"end":{"line":55,"column":36}},"loc":{"start":{"line":55,"column":56},"end":{"line":60,"column":17}},"line":55},"14":{"name":"(anonymous_14)","decl":{"start":{"line":62,"column":16},"end":{"line":62,"column":17}},"loc":{"start":{"line":62,"column":22},"end":{"line":64,"column":9}},"line":62},"15":{"name":"(anonymous_15)","decl":{"start":{"line":64,"column":17},"end":{"line":64,"column":18}},"loc":{"start":{"line":64,"column":26},"end":{"line":66,"column":9}},"line":64},"16":{"name":"(anonymous_16)","decl":{"start":{"line":68,"column":4},"end":{"line":68,"column":5}},"loc":{"start":{"line":68,"column":34},"end":{"line":106,"column":5}},"line":68},"17":{"name":"(anonymous_17)","decl":{"start":{"line":80,"column":48},"end":{"line":80,"column":49}},"loc":{"start":{"line":80,"column":54},"end":{"line":87,"column":9}},"line":80},"18":{"name":"(anonymous_18)","decl":{"start":{"line":87,"column":16},"end":{"line":87,"column":17}},"loc":{"start":{"line":87,"column":29},"end":{"line":103,"column":9}},"line":87},"19":{"name":"(anonymous_19)","decl":{"start":{"line":95,"column":78},"end":{"line":95,"column":79}},"loc":{"start":{"line":95,"column":85},"end":{"line":97,"column":17}},"line":95},"20":{"name":"(anonymous_20)","decl":{"start":{"line":103,"column":17},"end":{"line":103,"column":18}},"loc":{"start":{"line":103,"column":26},"end":{"line":105,"column":9}},"line":103},"21":{"name":"(anonymous_21)","decl":{"start":{"line":107,"column":4},"end":{"line":107,"column":5}},"loc":{"start":{"line":107,"column":24},"end":{"line":115,"column":5}},"line":107},"22":{"name":"(anonymous_22)","decl":{"start":{"line":108,"column":60},"end":{"line":108,"column":61}},"loc":{"start":{"line":108,"column":66},"end":{"line":112,"column":9}},"line":108},"23":{"name":"(anonymous_23)","decl":{"start":{"line":112,"column":17},"end":{"line":112,"column":18}},"loc":{"start":{"line":112,"column":26},"end":{"line":114,"column":9}},"line":112},"24":{"name":"(anonymous_24)","decl":{"start":{"line":116,"column":4},"end":{"line":116,"column":5}},"loc":{"start":{"line":116,"column":22},"end":{"line":136,"column":5}},"line":116},"25":{"name":"(anonymous_25)","decl":{"start":{"line":126,"column":45},"end":{"line":126,"column":46}},"loc":{"start":{"line":126,"column":61},"end":{"line":130,"column":9}},"line":126},"26":{"name":"(anonymous_26)","decl":{"start":{"line":130,"column":17},"end":{"line":130,"column":18}},"loc":{"start":{"line":130,"column":26},"end":{"line":135,"column":9}},"line":130},"27":{"name":"(anonymous_27)","decl":{"start":{"line":137,"column":4},"end":{"line":137,"column":5}},"loc":{"start":{"line":137,"column":24},"end":{"line":151,"column":5}},"line":137},"28":{"name":"(anonymous_28)","decl":{"start":{"line":138,"column":48},"end":{"line":138,"column":49}},"loc":{"start":{"line":138,"column":54},"end":{"line":150,"column":9}},"line":138},"29":{"name":"(anonymous_29)","decl":{"start":{"line":152,"column":4},"end":{"line":152,"column":5}},"loc":{"start":{"line":152,"column":19},"end":{"line":166,"column":5}},"line":152},"30":{"name":"(anonymous_30)","decl":{"start":{"line":154,"column":48},"end":{"line":154,"column":49}},"loc":{"start":{"line":154,"column":54},"end":{"line":163,"column":9}},"line":154},"31":{"name":"(anonymous_31)","decl":{"start":{"line":155,"column":42},"end":{"line":155,"column":43}},"loc":{"start":{"line":155,"column":50},"end":{"line":161,"column":13}},"line":155},"32":{"name":"(anonymous_32)","decl":{"start":{"line":163,"column":17},"end":{"line":163,"column":18}},"loc":{"start":{"line":163,"column":26},"end":{"line":165,"column":9}},"line":163}},"branchMap":{"0":{"loc":{"start":{"line":18,"column":8},"end":{"line":20,"column":9}},"type":"if","locations":[{"start":{"line":18,"column":8},"end":{"line":20,"column":9}},{"start":{"line":18,"column":8},"end":{"line":20,"column":9}}],"line":18},"1":{"loc":{"start":{"line":18,"column":12},"end":{"line":18,"column":48}},"type":"binary-expr","locations":[{"start":{"line":18,"column":12},"end":{"line":18,"column":28}},{"start":{"line":18,"column":32},"end":{"line":18,"column":48}}],"line":18},"2":{"loc":{"start":{"line":28,"column":12},"end":{"line":30,"column":13}},"type":"if","locations":[{"start":{"line":28,"column":12},"end":{"line":30,"column":13}},{"start":{"line":28,"column":12},"end":{"line":30,"column":13}}],"line":28},"3":{"loc":{"start":{"line":34,"column":12},"end":{"line":36,"column":13}},"type":"if","locations":[{"start":{"line":34,"column":12},"end":{"line":36,"column":13}},{"start":{"line":34,"column":12},"end":{"line":36,"column":13}}],"line":34},"4":{"loc":{"start":{"line":56,"column":20},"end":{"line":58,"column":21}},"type":"if","locations":[{"start":{"line":56,"column":20},"end":{"line":58,"column":21}},{"start":{"line":56,"column":20},"end":{"line":58,"column":21}}],"line":56},"5":{"loc":{"start":{"line":69,"column":8},"end":{"line":72,"column":9}},"type":"if","locations":[{"start":{"line":69,"column":8},"end":{"line":72,"column":9}},{"start":{"line":69,"column":8},"end":{"line":72,"column":9}}],"line":69},"6":{"loc":{"start":{"line":73,"column":8},"end":{"line":75,"column":9}},"type":"if","locations":[{"start":{"line":73,"column":8},"end":{"line":75,"column":9}},{"start":{"line":73,"column":8},"end":{"line":75,"column":9}}],"line":73},"7":{"loc":{"start":{"line":76,"column":8},"end":{"line":79,"column":9}},"type":"if","locations":[{"start":{"line":76,"column":8},"end":{"line":79,"column":9}},{"start":{"line":76,"column":8},"end":{"line":79,"column":9}}],"line":76},"8":{"loc":{"start":{"line":81,"column":12},"end":{"line":86,"column":13}},"type":"if","locations":[{"start":{"line":81,"column":12},"end":{"line":86,"column":13}},{"start":{"line":81,"column":12},"end":{"line":86,"column":13}}],"line":81},"9":{"loc":{"start":{"line":89,"column":12},"end":{"line":92,"column":13}},"type":"if","locations":[{"start":{"line":89,"column":12},"end":{"line":92,"column":13}},{"start":{"line":89,"column":12},"end":{"line":92,"column":13}}],"line":89},"10":{"loc":{"start":{"line":93,"column":12},"end":{"line":102,"column":13}},"type":"if","locations":[{"start":{"line":93,"column":12},"end":{"line":102,"column":13}},{"start":{"line":93,"column":12},"end":{"line":102,"column":13}}],"line":93},"11":{"loc":{"start":{"line":93,"column":16},"end":{"line":93,"column":102}},"type":"binary-expr","locations":[{"start":{"line":93,"column":16},"end":{"line":93,"column":52}},{"start":{"line":93,"column":56},"end":{"line":93,"column":102}}],"line":93},"12":{"loc":{"start":{"line":117,"column":8},"end":{"line":119,"column":9}},"type":"if","locations":[{"start":{"line":117,"column":8},"end":{"line":119,"column":9}},{"start":{"line":117,"column":8},"end":{"line":119,"column":9}}],"line":117},"13":{"loc":{"start":{"line":121,"column":8},"end":{"line":125,"column":9}},"type":"if","locations":[{"start":{"line":121,"column":8},"end":{"line":125,"column":9}},{"start":{"line":121,"column":8},"end":{"line":125,"column":9}}],"line":121},"14":{"loc":{"start":{"line":127,"column":12},"end":{"line":129,"column":13}},"type":"if","locations":[{"start":{"line":127,"column":12},"end":{"line":129,"column":13}},{"start":{"line":127,"column":12},"end":{"line":129,"column":13}}],"line":127},"15":{"loc":{"start":{"line":131,"column":12},"end":{"line":133,"column":13}},"type":"if","locations":[{"start":{"line":131,"column":12},"end":{"line":133,"column":13}},{"start":{"line":131,"column":12},"end":{"line":133,"column":13}}],"line":131},"16":{"loc":{"start":{"line":141,"column":12},"end":{"line":143,"column":13}},"type":"if","locations":[{"start":{"line":141,"column":12},"end":{"line":143,"column":13}},{"start":{"line":141,"column":12},"end":{"line":143,"column":13}}],"line":141}},"s":{"0":1,"1":1,"2":1,"3":1,"4":1,"5":1,"6":1,"7":1,"8":27,"9":27,"10":27,"11":27,"12":65,"13":1,"14":64,"15":0,"16":0,"17":0,"18":0,"19":0,"20":0,"21":0,"22":0,"23":0,"24":42,"25":42,"26":18,"27":42,"28":18,"29":42,"30":0,"31":11,"32":11,"33":15,"34":15,"35":15,"36":0,"37":11,"38":0,"39":32,"40":0,"41":0,"42":32,"43":1,"44":31,"45":0,"46":0,"47":31,"48":31,"49":0,"50":31,"51":15,"52":15,"53":15,"54":15,"55":15,"56":15,"57":15,"58":0,"59":15,"60":0,"61":16,"62":5,"63":4,"64":4,"65":4,"66":1,"67":5,"68":0,"69":5,"70":5,"71":4,"72":4,"73":4,"74":5,"75":4,"76":4,"77":1,"78":0,"79":1,"80":6,"81":6,"82":6,"83":6,"84":0,"85":6,"86":6,"87":12,"88":6,"89":6,"90":3,"91":3,"92":3,"93":3,"94":3,"95":0,"96":1},"f":{"0":27,"1":65,"2":0,"3":0,"4":0,"5":0,"6":42,"7":42,"8":18,"9":0,"10":11,"11":11,"12":15,"13":15,"14":11,"15":0,"16":32,"17":31,"18":15,"19":0,"20":16,"21":5,"22":4,"23":1,"24":5,"25":4,"26":1,"27":6,"28":6,"29":3,"30":3,"31":3,"32":0},"b":{"0":[1,64],"1":[65,64],"2":[0,0],"3":[0,0],"4":[15,0],"5":[0,32],"6":[1,31],"7":[0,31],"8":[0,31],"9":[15,0],"10":[15,0],"11":[15,15],"12":[0,5],"13":[4,1],"14":[4,0],"15":[0,1],"16":[0,6]},"_coverageSchema":"332fd63041d2c1bcb487cc26dd0d5f7d97098a6c","hash":"84a91de05e837bfac1de6d6afb147ac8eb271022","contentHash":"50e24a175e43ccc9f58860163de0e836_11.3.0"},"/Users/yangyang/project_team087/src/Util.js":{"path":"/Users/yangyang/project_team087/src/Util.js","statementMap":{"0":{"start":{"line":2,"column":0},"end":{"line":2,"column":62}},"1":{"start":{"line":5,"column":8},"end":{"line":5,"column":67}},"2":{"start":{"line":8,"column":8},"end":{"line":8,"column":68}},"3":{"start":{"line":11,"column":8},"end":{"line":11,"column":68}},"4":{"start":{"line":14,"column":8},"end":{"line":14,"column":69}},"5":{"start":{"line":17,"column":8},"end":{"line":17,"column":67}},"6":{"start":{"line":20,"column":0},"end":{"line":20,"column":22}}},"fnMap":{"0":{"name":"(anonymous_0)","decl":{"start":{"line":4,"column":4},"end":{"line":4,"column":5}},"loc":{"start":{"line":4,"column":25},"end":{"line":6,"column":5}},"line":4},"1":{"name":"(anonymous_1)","decl":{"start":{"line":7,"column":4},"end":{"line":7,"column":5}},"loc":{"start":{"line":7,"column":24},"end":{"line":9,"column":5}},"line":7},"2":{"name":"(anonymous_2)","decl":{"start":{"line":10,"column":4},"end":{"line":10,"column":5}},"loc":{"start":{"line":10,"column":24},"end":{"line":12,"column":5}},"line":10},"3":{"name":"(anonymous_3)","decl":{"start":{"line":13,"column":4},"end":{"line":13,"column":5}},"loc":{"start":{"line":13,"column":25},"end":{"line":15,"column":5}},"line":13},"4":{"name":"(anonymous_4)","decl":{"start":{"line":16,"column":4},"end":{"line":16,"column":5}},"loc":{"start":{"line":16,"column":24},"end":{"line":18,"column":5}},"line":16}},"branchMap":{},"s":{"0":1,"1":35,"2":0,"3":0,"4":0,"5":58,"6":1},"f":{"0":35,"1":0,"2":0,"3":0,"4":58},"b":{},"_coverageSchema":"332fd63041d2c1bcb487cc26dd0d5f7d97098a6c","hash":"7155d5ed03ac238cee5a3365633744520a806b7e","contentHash":"eaffde5417be09c636be487b617685db_11.3.0"},"/Users/yangyang/project_team087/src/controller/QueryValidateKit/QueryValid.js":{"path":"/Users/yangyang/project_team087/src/controller/QueryValidateKit/QueryValid.js","statementMap":{"0":{"start":{"line":2,"column":0},"end":{"line":2,"column":62}},"1":{"start":{"line":3,"column":21},"end":{"line":3,"column":45}},"2":{"start":{"line":4,"column":28},"end":{"line":4,"column":58}},"3":{"start":{"line":5,"column":25},"end":{"line":5,"column":52}},"4":{"start":{"line":6,"column":30},"end":{"line":6,"column":62}},"5":{"start":{"line":9,"column":8},"end":{"line":9,"column":30}},"6":{"start":{"line":10,"column":8},"end":{"line":10,"column":42}},"7":{"start":{"line":11,"column":8},"end":{"line":11,"column":48}},"8":{"start":{"line":12,"column":8},"end":{"line":12,"column":54}},"9":{"start":{"line":13,"column":8},"end":{"line":13,"column":31}},"10":{"start":{"line":14,"column":8},"end":{"line":14,"column":33}},"11":{"start":{"line":15,"column":8},"end":{"line":15,"column":41}},"12":{"start":{"line":16,"column":8},"end":{"line":16,"column":64}},"13":{"start":{"line":17,"column":8},"end":{"line":17,"column":70}},"14":{"start":{"line":18,"column":8},"end":{"line":18,"column":74}},"15":{"start":{"line":21,"column":8},"end":{"line":28,"column":9}},"16":{"start":{"line":22,"column":12},"end":{"line":24,"column":13}},"17":{"start":{"line":23,"column":16},"end":{"line":23,"column":37}},"18":{"start":{"line":25,"column":12},"end":{"line":27,"column":13}},"19":{"start":{"line":26,"column":16},"end":{"line":26,"column":50}},"20":{"start":{"line":29,"column":8},"end":{"line":37,"column":9}},"21":{"start":{"line":30,"column":22},"end":{"line":30,"column":30}},"22":{"start":{"line":31,"column":12},"end":{"line":33,"column":13}},"23":{"start":{"line":32,"column":16},"end":{"line":32,"column":53}},"24":{"start":{"line":34,"column":12},"end":{"line":36,"column":13}},"25":{"start":{"line":35,"column":16},"end":{"line":35,"column":48}},"26":{"start":{"line":38,"column":8},"end":{"line":38,"column":18}},"27":{"start":{"line":41,"column":19},"end":{"line":41,"column":30}},"28":{"start":{"line":41,"column":39},"end":{"line":41,"column":52}},"29":{"start":{"line":42,"column":28},"end":{"line":42,"column":30}},"30":{"start":{"line":43,"column":8},"end":{"line":45,"column":9}},"31":{"start":{"line":44,"column":12},"end":{"line":44,"column":55}},"32":{"start":{"line":46,"column":8},"end":{"line":48,"column":9}},"33":{"start":{"line":47,"column":12},"end":{"line":47,"column":33}},"34":{"start":{"line":49,"column":8},"end":{"line":54,"column":9}},"35":{"start":{"line":50,"column":31},"end":{"line":50,"column":80}},"36":{"start":{"line":51,"column":12},"end":{"line":53,"column":13}},"37":{"start":{"line":52,"column":16},"end":{"line":52,"column":36}},"38":{"start":{"line":55,"column":8},"end":{"line":55,"column":40}},"39":{"start":{"line":58,"column":20},"end":{"line":58,"column":40}},"40":{"start":{"line":59,"column":8},"end":{"line":61,"column":9}},"41":{"start":{"line":60,"column":12},"end":{"line":60,"column":25}},"42":{"start":{"line":62,"column":25},"end":{"line":62,"column":46}},"43":{"start":{"line":63,"column":8},"end":{"line":65,"column":9}},"44":{"start":{"line":64,"column":12},"end":{"line":64,"column":30}},"45":{"start":{"line":66,"column":8},"end":{"line":66,"column":41}},"46":{"start":{"line":69,"column":0},"end":{"line":69,"column":29}}},"fnMap":{"0":{"name":"(anonymous_0)","decl":{"start":{"line":8,"column":4},"end":{"line":8,"column":5}},"loc":{"start":{"line":8,"column":25},"end":{"line":19,"column":5}},"line":8},"1":{"name":"(anonymous_1)","decl":{"start":{"line":20,"column":4},"end":{"line":20,"column":5}},"loc":{"start":{"line":20,"column":21},"end":{"line":39,"column":5}},"line":20},"2":{"name":"(anonymous_2)","decl":{"start":{"line":40,"column":4},"end":{"line":40,"column":5}},"loc":{"start":{"line":40,"column":25},"end":{"line":56,"column":5}},"line":40},"3":{"name":"(anonymous_3)","decl":{"start":{"line":57,"column":4},"end":{"line":57,"column":5}},"loc":{"start":{"line":57,"column":22},"end":{"line":67,"column":5}},"line":57}},"branchMap":{"0":{"loc":{"start":{"line":22,"column":12},"end":{"line":24,"column":13}},"type":"if","locations":[{"start":{"line":22,"column":12},"end":{"line":24,"column":13}},{"start":{"line":22,"column":12},"end":{"line":24,"column":13}}],"line":22},"1":{"loc":{"start":{"line":25,"column":12},"end":{"line":27,"column":13}},"type":"if","locations":[{"start":{"line":25,"column":12},"end":{"line":27,"column":13}},{"start":{"line":25,"column":12},"end":{"line":27,"column":13}}],"line":25},"2":{"loc":{"start":{"line":31,"column":12},"end":{"line":33,"column":13}},"type":"if","locations":[{"start":{"line":31,"column":12},"end":{"line":33,"column":13}},{"start":{"line":31,"column":12},"end":{"line":33,"column":13}}],"line":31},"3":{"loc":{"start":{"line":34,"column":12},"end":{"line":36,"column":13}},"type":"if","locations":[{"start":{"line":34,"column":12},"end":{"line":36,"column":13}},{"start":{"line":34,"column":12},"end":{"line":36,"column":13}}],"line":34},"4":{"loc":{"start":{"line":34,"column":16},"end":{"line":34,"column":63}},"type":"binary-expr","locations":[{"start":{"line":34,"column":16},"end":{"line":34,"column":34}},{"start":{"line":34,"column":38},"end":{"line":34,"column":63}}],"line":34},"5":{"loc":{"start":{"line":43,"column":8},"end":{"line":45,"column":9}},"type":"if","locations":[{"start":{"line":43,"column":8},"end":{"line":45,"column":9}},{"start":{"line":43,"column":8},"end":{"line":45,"column":9}}],"line":43},"6":{"loc":{"start":{"line":46,"column":8},"end":{"line":48,"column":9}},"type":"if","locations":[{"start":{"line":46,"column":8},"end":{"line":48,"column":9}},{"start":{"line":46,"column":8},"end":{"line":48,"column":9}}],"line":46},"7":{"loc":{"start":{"line":49,"column":8},"end":{"line":54,"column":9}},"type":"if","locations":[{"start":{"line":49,"column":8},"end":{"line":54,"column":9}},{"start":{"line":49,"column":8},"end":{"line":54,"column":9}}],"line":49},"8":{"loc":{"start":{"line":51,"column":12},"end":{"line":53,"column":13}},"type":"if","locations":[{"start":{"line":51,"column":12},"end":{"line":53,"column":13}},{"start":{"line":51,"column":12},"end":{"line":53,"column":13}}],"line":51},"9":{"loc":{"start":{"line":59,"column":8},"end":{"line":61,"column":9}},"type":"if","locations":[{"start":{"line":59,"column":8},"end":{"line":61,"column":9}},{"start":{"line":59,"column":8},"end":{"line":61,"column":9}}],"line":59},"10":{"loc":{"start":{"line":63,"column":8},"end":{"line":65,"column":9}},"type":"if","locations":[{"start":{"line":63,"column":8},"end":{"line":65,"column":9}},{"start":{"line":63,"column":8},"end":{"line":65,"column":9}}],"line":63}},"s":{"0":1,"1":1,"2":1,"3":1,"4":1,"5":6,"6":6,"7":6,"8":6,"9":6,"10":6,"11":6,"12":6,"13":6,"14":6,"15":6,"16":18,"17":6,"18":18,"19":0,"20":6,"21":12,"22":12,"23":0,"24":12,"25":0,"26":6,"27":6,"28":6,"29":6,"30":6,"31":3,"32":6,"33":0,"34":6,"35":6,"36":6,"37":0,"38":6,"39":6,"40":6,"41":0,"42":6,"43":6,"44":0,"45":6,"46":1},"f":{"0":6,"1":6,"2":6,"3":6},"b":{"0":[6,12],"1":[0,18],"2":[0,12],"3":[0,12],"4":[12,12],"5":[3,3],"6":[0,6],"7":[6,0],"8":[0,6],"9":[0,6],"10":[0,6]},"_coverageSchema":"332fd63041d2c1bcb487cc26dd0d5f7d97098a6c","hash":"d5c4364d8dec490e1df8805bd8c1b85b36d07c43","contentHash":"e5760d6590e4b6e410f41e5288a7896b_11.3.0"},"/Users/yangyang/project_team087/src/controller/QueryUtils.js":{"path":"/Users/yangyang/project_team087/src/controller/QueryUtils.js","statementMap":{"0":{"start":{"line":2,"column":0},"end":{"line":2,"column":62}},"1":{"start":{"line":5,"column":8},"end":{"line":5,"column":24}},"2":{"start":{"line":6,"column":8},"end":{"line":6,"column":29}},"3":{"start":{"line":7,"column":8},"end":{"line":7,"column":30}},"4":{"start":{"line":8,"column":8},"end":{"line":8,"column":36}},"5":{"start":{"line":9,"column":8},"end":{"line":9,"column":35}},"6":{"start":{"line":10,"column":8},"end":{"line":10,"column":35}},"7":{"start":{"line":11,"column":8},"end":{"line":11,"column":36}},"8":{"start":{"line":12,"column":8},"end":{"line":12,"column":38}},"9":{"start":{"line":13,"column":8},"end":{"line":13,"column":39}},"10":{"start":{"line":14,"column":8},"end":{"line":14,"column":39}},"11":{"start":{"line":15,"column":8},"end":{"line":15,"column":37}},"12":{"start":{"line":16,"column":8},"end":{"line":16,"column":37}},"13":{"start":{"line":17,"column":8},"end":{"line":17,"column":37}},"14":{"start":{"line":18,"column":29},"end":{"line":19,"column":34}},"15":{"start":{"line":20,"column":8},"end":{"line":22,"column":9}},"16":{"start":{"line":21,"column":12},"end":{"line":21,"column":35}},"17":{"start":{"line":23,"column":31},"end":{"line":23,"column":116}},"18":{"start":{"line":24,"column":8},"end":{"line":26,"column":9}},"19":{"start":{"line":25,"column":12},"end":{"line":25,"column":37}},"20":{"start":{"line":27,"column":30},"end":{"line":27,"column":53}},"21":{"start":{"line":28,"column":8},"end":{"line":30,"column":9}},"22":{"start":{"line":29,"column":12},"end":{"line":29,"column":36}},"23":{"start":{"line":31,"column":30},"end":{"line":31,"column":113}},"24":{"start":{"line":32,"column":8},"end":{"line":34,"column":9}},"25":{"start":{"line":33,"column":12},"end":{"line":33,"column":36}},"26":{"start":{"line":35,"column":33},"end":{"line":35,"column":73}},"27":{"start":{"line":36,"column":8},"end":{"line":38,"column":9}},"28":{"start":{"line":37,"column":12},"end":{"line":37,"column":39}},"29":{"start":{"line":39,"column":33},"end":{"line":39,"column":78}},"30":{"start":{"line":40,"column":8},"end":{"line":42,"column":9}},"31":{"start":{"line":41,"column":12},"end":{"line":41,"column":39}},"32":{"start":{"line":43,"column":30},"end":{"line":43,"column":67}},"33":{"start":{"line":44,"column":8},"end":{"line":46,"column":9}},"34":{"start":{"line":45,"column":12},"end":{"line":45,"column":37}},"35":{"start":{"line":49,"column":8},"end":{"line":49,"column":29}},"36":{"start":{"line":52,"column":8},"end":{"line":52,"column":26}},"37":{"start":{"line":55,"column":8},"end":{"line":57,"column":9}},"38":{"start":{"line":56,"column":12},"end":{"line":56,"column":40}},"39":{"start":{"line":58,"column":8},"end":{"line":60,"column":9}},"40":{"start":{"line":59,"column":12},"end":{"line":59,"column":33}},"41":{"start":{"line":62,"column":8},"end":{"line":67,"column":9}},"42":{"start":{"line":63,"column":12},"end":{"line":63,"column":107}},"43":{"start":{"line":66,"column":12},"end":{"line":66,"column":35}},"44":{"start":{"line":68,"column":8},"end":{"line":70,"column":9}},"45":{"start":{"line":69,"column":12},"end":{"line":69,"column":35}},"46":{"start":{"line":71,"column":17},"end":{"line":71,"column":37}},"47":{"start":{"line":72,"column":8},"end":{"line":74,"column":9}},"48":{"start":{"line":73,"column":12},"end":{"line":73,"column":48}},"49":{"start":{"line":75,"column":8},"end":{"line":75,"column":42}},"50":{"start":{"line":76,"column":8},"end":{"line":78,"column":9}},"51":{"start":{"line":77,"column":12},"end":{"line":77,"column":69}},"52":{"start":{"line":79,"column":20},"end":{"line":79,"column":41}},"53":{"start":{"line":80,"column":8},"end":{"line":88,"column":9}},"54":{"start":{"line":81,"column":12},"end":{"line":81,"column":26}},"55":{"start":{"line":83,"column":13},"end":{"line":88,"column":9}},"56":{"start":{"line":84,"column":12},"end":{"line":84,"column":26}},"57":{"start":{"line":87,"column":12},"end":{"line":87,"column":36}},"58":{"start":{"line":89,"column":8},"end":{"line":89,"column":76}},"59":{"start":{"line":90,"column":8},"end":{"line":90,"column":18}},"60":{"start":{"line":93,"column":8},"end":{"line":93,"column":23}},"61":{"start":{"line":96,"column":16},"end":{"line":96,"column":17}},"62":{"start":{"line":97,"column":8},"end":{"line":99,"column":9}},"63":{"start":{"line":98,"column":12},"end":{"line":98,"column":16}},"64":{"start":{"line":100,"column":8},"end":{"line":100,"column":17}},"65":{"start":{"line":103,"column":8},"end":{"line":105,"column":9}},"66":{"start":{"line":104,"column":12},"end":{"line":104,"column":64}},"67":{"start":{"line":106,"column":8},"end":{"line":110,"column":9}},"68":{"start":{"line":107,"column":12},"end":{"line":109,"column":13}},"69":{"start":{"line":108,"column":16},"end":{"line":108,"column":97}},"70":{"start":{"line":111,"column":8},"end":{"line":111,"column":18}},"71":{"start":{"line":114,"column":17},"end":{"line":114,"column":34}},"72":{"start":{"line":115,"column":8},"end":{"line":117,"column":9}},"73":{"start":{"line":116,"column":12},"end":{"line":116,"column":63}},"74":{"start":{"line":118,"column":8},"end":{"line":120,"column":9}},"75":{"start":{"line":119,"column":12},"end":{"line":119,"column":60}},"76":{"start":{"line":121,"column":20},"end":{"line":121,"column":41}},"77":{"start":{"line":122,"column":17},"end":{"line":122,"column":37}},"78":{"start":{"line":123,"column":8},"end":{"line":125,"column":9}},"79":{"start":{"line":124,"column":12},"end":{"line":124,"column":56}},"80":{"start":{"line":126,"column":8},"end":{"line":128,"column":9}},"81":{"start":{"line":127,"column":12},"end":{"line":127,"column":60}},"82":{"start":{"line":129,"column":8},"end":{"line":129,"column":18}},"83":{"start":{"line":132,"column":8},"end":{"line":132,"column":95}},"84":{"start":{"line":135,"column":8},"end":{"line":135,"column":95}},"85":{"start":{"line":138,"column":8},"end":{"line":146,"column":9}},"86":{"start":{"line":139,"column":25},"end":{"line":139,"column":73}},"87":{"start":{"line":140,"column":12},"end":{"line":142,"column":13}},"88":{"start":{"line":141,"column":16},"end":{"line":141,"column":30}},"89":{"start":{"line":144,"column":13},"end":{"line":146,"column":9}},"90":{"start":{"line":145,"column":12},"end":{"line":145,"column":95}},"91":{"start":{"line":147,"column":8},"end":{"line":147,"column":33}},"92":{"start":{"line":148,"column":8},"end":{"line":148,"column":18}},"93":{"start":{"line":151,"column":8},"end":{"line":153,"column":9}},"94":{"start":{"line":152,"column":12},"end":{"line":152,"column":50}},"95":{"start":{"line":154,"column":8},"end":{"line":156,"column":9}},"96":{"start":{"line":155,"column":12},"end":{"line":155,"column":68}},"97":{"start":{"line":157,"column":8},"end":{"line":157,"column":18}},"98":{"start":{"line":160,"column":8},"end":{"line":160,"column":32}},"99":{"start":{"line":161,"column":8},"end":{"line":161,"column":62}},"100":{"start":{"line":164,"column":8},"end":{"line":166,"column":9}},"101":{"start":{"line":165,"column":12},"end":{"line":165,"column":54}},"102":{"start":{"line":167,"column":8},"end":{"line":169,"column":9}},"103":{"start":{"line":168,"column":12},"end":{"line":168,"column":49}},"104":{"start":{"line":170,"column":8},"end":{"line":172,"column":9}},"105":{"start":{"line":171,"column":12},"end":{"line":171,"column":56}},"106":{"start":{"line":173,"column":8},"end":{"line":173,"column":33}},"107":{"start":{"line":174,"column":8},"end":{"line":174,"column":18}},"108":{"start":{"line":177,"column":8},"end":{"line":179,"column":9}},"109":{"start":{"line":178,"column":12},"end":{"line":178,"column":51}},"110":{"start":{"line":180,"column":8},"end":{"line":180,"column":18}},"111":{"start":{"line":183,"column":22},"end":{"line":183,"column":71}},"112":{"start":{"line":184,"column":22},"end":{"line":184,"column":69}},"113":{"start":{"line":185,"column":8},"end":{"line":187,"column":9}},"114":{"start":{"line":186,"column":12},"end":{"line":186,"column":27}},"115":{"start":{"line":188,"column":8},"end":{"line":193,"column":9}},"116":{"start":{"line":189,"column":37},"end":{"line":189,"column":55}},"117":{"start":{"line":190,"column":12},"end":{"line":192,"column":13}},"118":{"start":{"line":191,"column":16},"end":{"line":191,"column":52}},"119":{"start":{"line":194,"column":8},"end":{"line":194,"column":18}},"120":{"start":{"line":197,"column":0},"end":{"line":197,"column":32}}},"fnMap":{"0":{"name":"(anonymous_0)","decl":{"start":{"line":4,"column":4},"end":{"line":4,"column":5}},"loc":{"start":{"line":4,"column":18},"end":{"line":47,"column":5}},"line":4},"1":{"name":"(anonymous_1)","decl":{"start":{"line":48,"column":4},"end":{"line":48,"column":5}},"loc":{"start":{"line":48,"column":18},"end":{"line":50,"column":5}},"line":48},"2":{"name":"(anonymous_2)","decl":{"start":{"line":51,"column":4},"end":{"line":51,"column":5}},"loc":{"start":{"line":51,"column":15},"end":{"line":53,"column":5}},"line":51},"3":{"name":"(anonymous_3)","decl":{"start":{"line":54,"column":4},"end":{"line":54,"column":5}},"loc":{"start":{"line":54,"column":17},"end":{"line":91,"column":5}},"line":54},"4":{"name":"(anonymous_4)","decl":{"start":{"line":92,"column":4},"end":{"line":92,"column":5}},"loc":{"start":{"line":92,"column":16},"end":{"line":94,"column":5}},"line":92},"5":{"name":"(anonymous_5)","decl":{"start":{"line":95,"column":4},"end":{"line":95,"column":5}},"loc":{"start":{"line":95,"column":17},"end":{"line":101,"column":5}},"line":95},"6":{"name":"(anonymous_6)","decl":{"start":{"line":102,"column":4},"end":{"line":102,"column":5}},"loc":{"start":{"line":102,"column":29},"end":{"line":112,"column":5}},"line":102},"7":{"name":"(anonymous_7)","decl":{"start":{"line":113,"column":4},"end":{"line":113,"column":5}},"loc":{"start":{"line":113,"column":35},"end":{"line":130,"column":5}},"line":113},"8":{"name":"(anonymous_8)","decl":{"start":{"line":131,"column":4},"end":{"line":131,"column":5}},"loc":{"start":{"line":131,"column":29},"end":{"line":133,"column":5}},"line":131},"9":{"name":"(anonymous_9)","decl":{"start":{"line":134,"column":4},"end":{"line":134,"column":5}},"loc":{"start":{"line":134,"column":29},"end":{"line":136,"column":5}},"line":134},"10":{"name":"(anonymous_10)","decl":{"start":{"line":137,"column":4},"end":{"line":137,"column":5}},"loc":{"start":{"line":137,"column":24},"end":{"line":149,"column":5}},"line":137},"11":{"name":"(anonymous_11)","decl":{"start":{"line":150,"column":4},"end":{"line":150,"column":5}},"loc":{"start":{"line":150,"column":23},"end":{"line":158,"column":5}},"line":150},"12":{"name":"(anonymous_12)","decl":{"start":{"line":159,"column":4},"end":{"line":159,"column":5}},"loc":{"start":{"line":159,"column":23},"end":{"line":162,"column":5}},"line":159},"13":{"name":"(anonymous_13)","decl":{"start":{"line":163,"column":4},"end":{"line":163,"column":5}},"loc":{"start":{"line":163,"column":24},"end":{"line":175,"column":5}},"line":163},"14":{"name":"(anonymous_14)","decl":{"start":{"line":176,"column":4},"end":{"line":176,"column":5}},"loc":{"start":{"line":176,"column":28},"end":{"line":181,"column":5}},"line":176},"15":{"name":"(anonymous_15)","decl":{"start":{"line":182,"column":4},"end":{"line":182,"column":5}},"loc":{"start":{"line":182,"column":34},"end":{"line":195,"column":5}},"line":182}},"branchMap":{"0":{"loc":{"start":{"line":55,"column":8},"end":{"line":57,"column":9}},"type":"if","locations":[{"start":{"line":55,"column":8},"end":{"line":57,"column":9}},{"start":{"line":55,"column":8},"end":{"line":57,"column":9}}],"line":55},"1":{"loc":{"start":{"line":58,"column":8},"end":{"line":60,"column":9}},"type":"if","locations":[{"start":{"line":58,"column":8},"end":{"line":60,"column":9}},{"start":{"line":58,"column":8},"end":{"line":60,"column":9}}],"line":58},"2":{"loc":{"start":{"line":63,"column":21},"end":{"line":63,"column":106}},"type":"cond-expr","locations":[{"start":{"line":63,"column":37},"end":{"line":63,"column":73}},{"start":{"line":63,"column":76},"end":{"line":63,"column":106}}],"line":63},"3":{"loc":{"start":{"line":68,"column":8},"end":{"line":70,"column":9}},"type":"if","locations":[{"start":{"line":68,"column":8},"end":{"line":70,"column":9}},{"start":{"line":68,"column":8},"end":{"line":70,"column":9}}],"line":68},"4":{"loc":{"start":{"line":72,"column":8},"end":{"line":74,"column":9}},"type":"if","locations":[{"start":{"line":72,"column":8},"end":{"line":74,"column":9}},{"start":{"line":72,"column":8},"end":{"line":74,"column":9}}],"line":72},"5":{"loc":{"start":{"line":76,"column":8},"end":{"line":78,"column":9}},"type":"if","locations":[{"start":{"line":76,"column":8},"end":{"line":78,"column":9}},{"start":{"line":76,"column":8},"end":{"line":78,"column":9}}],"line":76},"6":{"loc":{"start":{"line":80,"column":8},"end":{"line":88,"column":9}},"type":"if","locations":[{"start":{"line":80,"column":8},"end":{"line":88,"column":9}},{"start":{"line":80,"column":8},"end":{"line":88,"column":9}}],"line":80},"7":{"loc":{"start":{"line":83,"column":13},"end":{"line":88,"column":9}},"type":"if","locations":[{"start":{"line":83,"column":13},"end":{"line":88,"column":9}},{"start":{"line":83,"column":13},"end":{"line":88,"column":9}}],"line":83},"8":{"loc":{"start":{"line":89,"column":28},"end":{"line":89,"column":75}},"type":"cond-expr","locations":[{"start":{"line":89,"column":40},"end":{"line":89,"column":55}},{"start":{"line":89,"column":58},"end":{"line":89,"column":75}}],"line":89},"9":{"loc":{"start":{"line":97,"column":15},"end":{"line":97,"column":47}},"type":"binary-expr","locations":[{"start":{"line":97,"column":15},"end":{"line":97,"column":29}},{"start":{"line":97,"column":33},"end":{"line":97,"column":47}}],"line":97},"10":{"loc":{"start":{"line":103,"column":8},"end":{"line":105,"column":9}},"type":"if","locations":[{"start":{"line":103,"column":8},"end":{"line":105,"column":9}},{"start":{"line":103,"column":8},"end":{"line":105,"column":9}}],"line":103},"11":{"loc":{"start":{"line":107,"column":12},"end":{"line":109,"column":13}},"type":"if","locations":[{"start":{"line":107,"column":12},"end":{"line":109,"column":13}},{"start":{"line":107,"column":12},"end":{"line":109,"column":13}}],"line":107},"12":{"loc":{"start":{"line":107,"column":16},"end":{"line":107,"column":76}},"type":"binary-expr","locations":[{"start":{"line":107,"column":16},"end":{"line":107,"column":39}},{"start":{"line":107,"column":43},"end":{"line":107,"column":50}},{"start":{"line":107,"column":54},"end":{"line":107,"column":76}}],"line":107},"13":{"loc":{"start":{"line":115,"column":8},"end":{"line":117,"column":9}},"type":"if","locations":[{"start":{"line":115,"column":8},"end":{"line":117,"column":9}},{"start":{"line":115,"column":8},"end":{"line":117,"column":9}}],"line":115},"14":{"loc":{"start":{"line":118,"column":8},"end":{"line":120,"column":9}},"type":"if","locations":[{"start":{"line":118,"column":8},"end":{"line":120,"column":9}},{"start":{"line":118,"column":8},"end":{"line":120,"column":9}}],"line":118},"15":{"loc":{"start":{"line":123,"column":8},"end":{"line":125,"column":9}},"type":"if","locations":[{"start":{"line":123,"column":8},"end":{"line":125,"column":9}},{"start":{"line":123,"column":8},"end":{"line":125,"column":9}}],"line":123},"16":{"loc":{"start":{"line":126,"column":8},"end":{"line":128,"column":9}},"type":"if","locations":[{"start":{"line":126,"column":8},"end":{"line":128,"column":9}},{"start":{"line":126,"column":8},"end":{"line":128,"column":9}}],"line":126},"17":{"loc":{"start":{"line":132,"column":43},"end":{"line":132,"column":93}},"type":"cond-expr","locations":[{"start":{"line":132,"column":56},"end":{"line":132,"column":74}},{"start":{"line":132,"column":77},"end":{"line":132,"column":93}}],"line":132},"18":{"loc":{"start":{"line":135,"column":43},"end":{"line":135,"column":93}},"type":"cond-expr","locations":[{"start":{"line":135,"column":56},"end":{"line":135,"column":74}},{"start":{"line":135,"column":77},"end":{"line":135,"column":93}}],"line":135},"19":{"loc":{"start":{"line":138,"column":8},"end":{"line":146,"column":9}},"type":"if","locations":[{"start":{"line":138,"column":8},"end":{"line":146,"column":9}},{"start":{"line":138,"column":8},"end":{"line":146,"column":9}}],"line":138},"20":{"loc":{"start":{"line":140,"column":12},"end":{"line":142,"column":13}},"type":"if","locations":[{"start":{"line":140,"column":12},"end":{"line":142,"column":13}},{"start":{"line":140,"column":12},"end":{"line":142,"column":13}}],"line":140},"21":{"loc":{"start":{"line":144,"column":13},"end":{"line":146,"column":9}},"type":"if","locations":[{"start":{"line":144,"column":13},"end":{"line":146,"column":9}},{"start":{"line":144,"column":13},"end":{"line":146,"column":9}}],"line":144},"22":{"loc":{"start":{"line":144,"column":17},"end":{"line":144,"column":69}},"type":"binary-expr","locations":[{"start":{"line":144,"column":17},"end":{"line":144,"column":41}},{"start":{"line":144,"column":45},"end":{"line":144,"column":69}}],"line":144},"23":{"loc":{"start":{"line":151,"column":8},"end":{"line":153,"column":9}},"type":"if","locations":[{"start":{"line":151,"column":8},"end":{"line":153,"column":9}},{"start":{"line":151,"column":8},"end":{"line":153,"column":9}}],"line":151},"24":{"loc":{"start":{"line":154,"column":8},"end":{"line":156,"column":9}},"type":"if","locations":[{"start":{"line":154,"column":8},"end":{"line":156,"column":9}},{"start":{"line":154,"column":8},"end":{"line":156,"column":9}}],"line":154},"25":{"loc":{"start":{"line":164,"column":8},"end":{"line":166,"column":9}},"type":"if","locations":[{"start":{"line":164,"column":8},"end":{"line":166,"column":9}},{"start":{"line":164,"column":8},"end":{"line":166,"column":9}}],"line":164},"26":{"loc":{"start":{"line":167,"column":8},"end":{"line":169,"column":9}},"type":"if","locations":[{"start":{"line":167,"column":8},"end":{"line":169,"column":9}},{"start":{"line":167,"column":8},"end":{"line":169,"column":9}}],"line":167},"27":{"loc":{"start":{"line":170,"column":8},"end":{"line":172,"column":9}},"type":"if","locations":[{"start":{"line":170,"column":8},"end":{"line":172,"column":9}},{"start":{"line":170,"column":8},"end":{"line":172,"column":9}}],"line":170},"28":{"loc":{"start":{"line":177,"column":8},"end":{"line":179,"column":9}},"type":"if","locations":[{"start":{"line":177,"column":8},"end":{"line":179,"column":9}},{"start":{"line":177,"column":8},"end":{"line":179,"column":9}}],"line":177},"29":{"loc":{"start":{"line":183,"column":22},"end":{"line":183,"column":71}},"type":"cond-expr","locations":[{"start":{"line":183,"column":34},"end":{"line":183,"column":50}},{"start":{"line":183,"column":53},"end":{"line":183,"column":71}}],"line":183},"30":{"loc":{"start":{"line":185,"column":8},"end":{"line":187,"column":9}},"type":"if","locations":[{"start":{"line":185,"column":8},"end":{"line":187,"column":9}},{"start":{"line":185,"column":8},"end":{"line":187,"column":9}}],"line":185},"31":{"loc":{"start":{"line":188,"column":8},"end":{"line":193,"column":9}},"type":"if","locations":[{"start":{"line":188,"column":8},"end":{"line":193,"column":9}},{"start":{"line":188,"column":8},"end":{"line":193,"column":9}}],"line":188},"32":{"loc":{"start":{"line":188,"column":12},"end":{"line":188,"column":76}},"type":"binary-expr","locations":[{"start":{"line":188,"column":12},"end":{"line":188,"column":25}},{"start":{"line":188,"column":29},"end":{"line":188,"column":42}},{"start":{"line":188,"column":46},"end":{"line":188,"column":59}},{"start":{"line":188,"column":63},"end":{"line":188,"column":76}}],"line":188},"33":{"loc":{"start":{"line":190,"column":12},"end":{"line":192,"column":13}},"type":"if","locations":[{"start":{"line":190,"column":12},"end":{"line":192,"column":13}},{"start":{"line":190,"column":12},"end":{"line":192,"column":13}}],"line":190}},"s":{"0":1,"1":12,"2":12,"3":12,"4":12,"5":12,"6":12,"7":12,"8":12,"9":12,"10":12,"11":12,"12":12,"13":12,"14":12,"15":12,"16":132,"17":12,"18":12,"19":120,"20":12,"21":12,"22":36,"23":12,"24":12,"25":96,"26":12,"27":12,"28":60,"29":12,"30":12,"31":60,"32":12,"33":12,"34":60,"35":6,"36":6,"37":12,"38":0,"39":12,"40":12,"41":12,"42":12,"43":0,"44":12,"45":0,"46":12,"47":12,"48":0,"49":12,"50":12,"51":6,"52":6,"53":6,"54":6,"55":0,"56":0,"57":0,"58":6,"59":6,"60":6,"61":16690,"62":16690,"63":102026,"64":16690,"65":3,"66":0,"67":3,"68":24,"69":0,"70":3,"71":73,"72":73,"73":0,"74":73,"75":0,"76":73,"77":73,"78":73,"79":0,"80":73,"81":0,"82":73,"83":3,"84":3,"85":52,"86":0,"87":0,"88":0,"89":52,"90":0,"91":52,"92":52,"93":18,"94":0,"95":18,"96":9,"97":9,"98":28,"99":28,"100":30,"101":0,"102":30,"103":0,"104":30,"105":0,"106":30,"107":30,"108":30,"109":0,"110":30,"111":30,"112":30,"113":30,"114":0,"115":30,"116":24,"117":24,"118":0,"119":30,"120":1},"f":{"0":12,"1":6,"2":6,"3":12,"4":6,"5":16690,"6":3,"7":73,"8":3,"9":3,"10":52,"11":18,"12":28,"13":30,"14":30,"15":30},"b":{"0":[0,12],"1":[12,0],"2":[12,0],"3":[0,12],"4":[0,12],"5":[6,6],"6":[6,0],"7":[0,0],"8":[6,0],"9":[118716,112524],"10":[0,3],"11":[0,24],"12":[24,6,3],"13":[0,73],"14":[0,73],"15":[0,73],"16":[0,73],"17":[0,3],"18":[0,3],"19":[0,52],"20":[0,0],"21":[0,52],"22":[52,24],"23":[0,18],"24":[9,9],"25":[0,30],"26":[0,30],"27":[0,30],"28":[0,30],"29":[30,0],"30":[0,30],"31":[24,6],"32":[30,24,18,12],"33":[0,24]},"_coverageSchema":"332fd63041d2c1bcb487cc26dd0d5f7d97098a6c","hash":"9e35e8b13fd5244cb2d99cdf99d26056eb252b38","contentHash":"044aea0f5935071a9317023737cab1c6_11.3.0"},"/Users/yangyang/project_team087/src/controller/QueryValidateKit/QueryOptionsValid.js":{"path":"/Users/yangyang/project_team087/src/controller/QueryValidateKit/QueryOptionsValid.js","statementMap":{"0":{"start":{"line":2,"column":0},"end":{"line":2,"column":62}},"1":{"start":{"line":5,"column":8},"end":{"line":5,"column":30}},"2":{"start":{"line":6,"column":8},"end":{"line":6,"column":33}},"3":{"start":{"line":7,"column":8},"end":{"line":7,"column":37}},"4":{"start":{"line":8,"column":8},"end":{"line":8,"column":48}},"5":{"start":{"line":9,"column":8},"end":{"line":9,"column":21}},"6":{"start":{"line":10,"column":8},"end":{"line":10,"column":33}},"7":{"start":{"line":11,"column":8},"end":{"line":11,"column":31}},"8":{"start":{"line":12,"column":8},"end":{"line":12,"column":36}},"9":{"start":{"line":13,"column":8},"end":{"line":13,"column":37}},"10":{"start":{"line":16,"column":8},"end":{"line":18,"column":9}},"11":{"start":{"line":17,"column":12},"end":{"line":17,"column":58}},"12":{"start":{"line":19,"column":8},"end":{"line":24,"column":9}},"13":{"start":{"line":20,"column":22},"end":{"line":20,"column":48}},"14":{"start":{"line":21,"column":12},"end":{"line":23,"column":13}},"15":{"start":{"line":22,"column":16},"end":{"line":22,"column":27}},"16":{"start":{"line":25,"column":8},"end":{"line":25,"column":18}},"17":{"start":{"line":28,"column":8},"end":{"line":30,"column":9}},"18":{"start":{"line":29,"column":12},"end":{"line":29,"column":45}},"19":{"start":{"line":31,"column":8},"end":{"line":31,"column":18}},"20":{"start":{"line":34,"column":8},"end":{"line":38,"column":9}},"21":{"start":{"line":35,"column":12},"end":{"line":37,"column":13}},"22":{"start":{"line":36,"column":16},"end":{"line":36,"column":48}},"23":{"start":{"line":39,"column":8},"end":{"line":43,"column":9}},"24":{"start":{"line":40,"column":12},"end":{"line":42,"column":13}},"25":{"start":{"line":41,"column":16},"end":{"line":41,"column":53}},"26":{"start":{"line":44,"column":25},"end":{"line":44,"column":51}},"27":{"start":{"line":45,"column":8},"end":{"line":47,"column":9}},"28":{"start":{"line":46,"column":12},"end":{"line":46,"column":30}},"29":{"start":{"line":48,"column":8},"end":{"line":48,"column":44}},"30":{"start":{"line":51,"column":8},"end":{"line":53,"column":9}},"31":{"start":{"line":52,"column":12},"end":{"line":52,"column":22}},"32":{"start":{"line":54,"column":8},"end":{"line":56,"column":9}},"33":{"start":{"line":55,"column":12},"end":{"line":55,"column":47}},"34":{"start":{"line":57,"column":8},"end":{"line":59,"column":9}},"35":{"start":{"line":58,"column":12},"end":{"line":58,"column":44}},"36":{"start":{"line":60,"column":8},"end":{"line":60,"column":36}},"37":{"start":{"line":63,"column":8},"end":{"line":65,"column":9}},"38":{"start":{"line":64,"column":12},"end":{"line":64,"column":52}},"39":{"start":{"line":66,"column":8},"end":{"line":74,"column":9}},"40":{"start":{"line":67,"column":12},"end":{"line":69,"column":13}},"41":{"start":{"line":68,"column":16},"end":{"line":68,"column":52}},"42":{"start":{"line":70,"column":22},"end":{"line":70,"column":49}},"43":{"start":{"line":71,"column":12},"end":{"line":73,"column":13}},"44":{"start":{"line":72,"column":16},"end":{"line":72,"column":27}},"45":{"start":{"line":75,"column":8},"end":{"line":75,"column":18}},"46":{"start":{"line":78,"column":8},"end":{"line":82,"column":9}},"47":{"start":{"line":79,"column":12},"end":{"line":81,"column":13}},"48":{"start":{"line":80,"column":16},"end":{"line":80,"column":48}},"49":{"start":{"line":83,"column":8},"end":{"line":88,"column":9}},"50":{"start":{"line":84,"column":22},"end":{"line":84,"column":31}},"51":{"start":{"line":85,"column":12},"end":{"line":87,"column":13}},"52":{"start":{"line":86,"column":16},"end":{"line":86,"column":53}},"53":{"start":{"line":89,"column":25},"end":{"line":89,"column":57}},"54":{"start":{"line":90,"column":8},"end":{"line":92,"column":9}},"55":{"start":{"line":91,"column":12},"end":{"line":91,"column":30}},"56":{"start":{"line":93,"column":8},"end":{"line":93,"column":48}},"57":{"start":{"line":96,"column":0},"end":{"line":96,"column":46}}},"fnMap":{"0":{"name":"(anonymous_0)","decl":{"start":{"line":4,"column":4},"end":{"line":4,"column":5}},"loc":{"start":{"line":4,"column":20},"end":{"line":14,"column":5}},"line":4},"1":{"name":"(anonymous_1)","decl":{"start":{"line":15,"column":4},"end":{"line":15,"column":5}},"loc":{"start":{"line":15,"column":20},"end":{"line":26,"column":5}},"line":15},"2":{"name":"(anonymous_2)","decl":{"start":{"line":27,"column":4},"end":{"line":27,"column":5}},"loc":{"start":{"line":27,"column":18},"end":{"line":32,"column":5}},"line":27},"3":{"name":"(anonymous_3)","decl":{"start":{"line":33,"column":4},"end":{"line":33,"column":5}},"loc":{"start":{"line":33,"column":24},"end":{"line":49,"column":5}},"line":33},"4":{"name":"(anonymous_4)","decl":{"start":{"line":50,"column":4},"end":{"line":50,"column":5}},"loc":{"start":{"line":50,"column":21},"end":{"line":61,"column":5}},"line":50},"5":{"name":"(anonymous_5)","decl":{"start":{"line":62,"column":4},"end":{"line":62,"column":5}},"loc":{"start":{"line":62,"column":18},"end":{"line":76,"column":5}},"line":62},"6":{"name":"(anonymous_6)","decl":{"start":{"line":77,"column":4},"end":{"line":77,"column":5}},"loc":{"start":{"line":77,"column":22},"end":{"line":94,"column":5}},"line":77}},"branchMap":{"0":{"loc":{"start":{"line":16,"column":8},"end":{"line":18,"column":9}},"type":"if","locations":[{"start":{"line":16,"column":8},"end":{"line":18,"column":9}},{"start":{"line":16,"column":8},"end":{"line":18,"column":9}}],"line":16},"1":{"loc":{"start":{"line":16,"column":12},"end":{"line":16,"column":48}},"type":"binary-expr","locations":[{"start":{"line":16,"column":12},"end":{"line":16,"column":32}},{"start":{"line":16,"column":36},"end":{"line":16,"column":48}}],"line":16},"2":{"loc":{"start":{"line":21,"column":12},"end":{"line":23,"column":13}},"type":"if","locations":[{"start":{"line":21,"column":12},"end":{"line":23,"column":13}},{"start":{"line":21,"column":12},"end":{"line":23,"column":13}}],"line":21},"3":{"loc":{"start":{"line":28,"column":8},"end":{"line":30,"column":9}},"type":"if","locations":[{"start":{"line":28,"column":8},"end":{"line":30,"column":9}},{"start":{"line":28,"column":8},"end":{"line":30,"column":9}}],"line":28},"4":{"loc":{"start":{"line":28,"column":12},"end":{"line":28,"column":73}},"type":"binary-expr","locations":[{"start":{"line":28,"column":12},"end":{"line":28,"column":37}},{"start":{"line":28,"column":42},"end":{"line":28,"column":54}},{"start":{"line":28,"column":58},"end":{"line":28,"column":72}}],"line":28},"5":{"loc":{"start":{"line":35,"column":12},"end":{"line":37,"column":13}},"type":"if","locations":[{"start":{"line":35,"column":12},"end":{"line":37,"column":13}},{"start":{"line":35,"column":12},"end":{"line":37,"column":13}}],"line":35},"6":{"loc":{"start":{"line":40,"column":12},"end":{"line":42,"column":13}},"type":"if","locations":[{"start":{"line":40,"column":12},"end":{"line":42,"column":13}},{"start":{"line":40,"column":12},"end":{"line":42,"column":13}}],"line":40},"7":{"loc":{"start":{"line":45,"column":8},"end":{"line":47,"column":9}},"type":"if","locations":[{"start":{"line":45,"column":8},"end":{"line":47,"column":9}},{"start":{"line":45,"column":8},"end":{"line":47,"column":9}}],"line":45},"8":{"loc":{"start":{"line":51,"column":8},"end":{"line":53,"column":9}},"type":"if","locations":[{"start":{"line":51,"column":8},"end":{"line":53,"column":9}},{"start":{"line":51,"column":8},"end":{"line":53,"column":9}}],"line":51},"9":{"loc":{"start":{"line":54,"column":8},"end":{"line":56,"column":9}},"type":"if","locations":[{"start":{"line":54,"column":8},"end":{"line":56,"column":9}},{"start":{"line":54,"column":8},"end":{"line":56,"column":9}}],"line":54},"10":{"loc":{"start":{"line":57,"column":8},"end":{"line":59,"column":9}},"type":"if","locations":[{"start":{"line":57,"column":8},"end":{"line":59,"column":9}},{"start":{"line":57,"column":8},"end":{"line":59,"column":9}}],"line":57},"11":{"loc":{"start":{"line":57,"column":12},"end":{"line":57,"column":62}},"type":"binary-expr","locations":[{"start":{"line":57,"column":12},"end":{"line":57,"column":32}},{"start":{"line":57,"column":36},"end":{"line":57,"column":62}}],"line":57},"12":{"loc":{"start":{"line":63,"column":8},"end":{"line":65,"column":9}},"type":"if","locations":[{"start":{"line":63,"column":8},"end":{"line":65,"column":9}},{"start":{"line":63,"column":8},"end":{"line":65,"column":9}}],"line":63},"13":{"loc":{"start":{"line":63,"column":12},"end":{"line":63,"column":51}},"type":"binary-expr","locations":[{"start":{"line":63,"column":12},"end":{"line":63,"column":31}},{"start":{"line":63,"column":35},"end":{"line":63,"column":51}}],"line":63},"14":{"loc":{"start":{"line":67,"column":12},"end":{"line":69,"column":13}},"type":"if","locations":[{"start":{"line":67,"column":12},"end":{"line":69,"column":13}},{"start":{"line":67,"column":12},"end":{"line":69,"column":13}}],"line":67},"15":{"loc":{"start":{"line":71,"column":12},"end":{"line":73,"column":13}},"type":"if","locations":[{"start":{"line":71,"column":12},"end":{"line":73,"column":13}},{"start":{"line":71,"column":12},"end":{"line":73,"column":13}}],"line":71},"16":{"loc":{"start":{"line":79,"column":12},"end":{"line":81,"column":13}},"type":"if","locations":[{"start":{"line":79,"column":12},"end":{"line":81,"column":13}},{"start":{"line":79,"column":12},"end":{"line":81,"column":13}}],"line":79},"17":{"loc":{"start":{"line":85,"column":12},"end":{"line":87,"column":13}},"type":"if","locations":[{"start":{"line":85,"column":12},"end":{"line":87,"column":13}},{"start":{"line":85,"column":12},"end":{"line":87,"column":13}}],"line":85},"18":{"loc":{"start":{"line":90,"column":8},"end":{"line":92,"column":9}},"type":"if","locations":[{"start":{"line":90,"column":8},"end":{"line":92,"column":9}},{"start":{"line":90,"column":8},"end":{"line":92,"column":9}}],"line":90}},"s":{"0":1,"1":6,"2":6,"3":6,"4":6,"5":6,"6":6,"7":6,"8":6,"9":6,"10":5,"11":0,"12":5,"13":17,"14":17,"15":0,"16":5,"17":5,"18":0,"19":5,"20":5,"21":10,"22":0,"23":5,"24":10,"25":0,"26":5,"27":5,"28":0,"29":5,"30":6,"31":0,"32":6,"33":1,"34":5,"35":5,"36":0,"37":6,"38":0,"39":6,"40":52,"41":0,"42":52,"43":52,"44":0,"45":6,"46":6,"47":12,"48":0,"49":6,"50":6,"51":6,"52":0,"53":6,"54":6,"55":0,"56":6,"57":1},"f":{"0":6,"1":5,"2":5,"3":5,"4":6,"5":6,"6":6},"b":{"0":[0,5],"1":[5,5],"2":[0,17],"3":[0,5],"4":[5,5,4],"5":[0,10],"6":[0,10],"7":[0,5],"8":[0,6],"9":[1,5],"10":[5,0],"11":[5,0],"12":[0,6],"13":[6,6],"14":[0,52],"15":[0,52],"16":[0,12],"17":[0,6],"18":[0,6]},"_coverageSchema":"332fd63041d2c1bcb487cc26dd0d5f7d97098a6c","hash":"baa6dd5e5544ebf52cf16fffd0dc717e56604bad","contentHash":"9b03415d0ad516c908d96e1a8208ecbb_11.3.0"},"/Users/yangyang/project_team087/src/controller/QueryValidateKit/QueryBodyValid.js":{"path":"/Users/yangyang/project_team087/src/controller/QueryValidateKit/QueryBodyValid.js","statementMap":{"0":{"start":{"line":2,"column":0},"end":{"line":2,"column":62}},"1":{"start":{"line":5,"column":8},"end":{"line":5,"column":34}},"2":{"start":{"line":6,"column":8},"end":{"line":6,"column":31}},"3":{"start":{"line":7,"column":8},"end":{"line":7,"column":31}},"4":{"start":{"line":8,"column":8},"end":{"line":8,"column":31}},"5":{"start":{"line":9,"column":8},"end":{"line":9,"column":29}},"6":{"start":{"line":10,"column":8},"end":{"line":10,"column":21}},"7":{"start":{"line":11,"column":28},"end":{"line":11,"column":72}},"8":{"start":{"line":12,"column":8},"end":{"line":14,"column":9}},"9":{"start":{"line":13,"column":12},"end":{"line":13,"column":34}},"10":{"start":{"line":15,"column":8},"end":{"line":15,"column":30}},"11":{"start":{"line":16,"column":8},"end":{"line":16,"column":29}},"12":{"start":{"line":17,"column":8},"end":{"line":17,"column":29}},"13":{"start":{"line":18,"column":8},"end":{"line":18,"column":29}},"14":{"start":{"line":19,"column":8},"end":{"line":19,"column":29}},"15":{"start":{"line":20,"column":8},"end":{"line":20,"column":29}},"16":{"start":{"line":21,"column":8},"end":{"line":21,"column":28}},"17":{"start":{"line":24,"column":8},"end":{"line":26,"column":9}},"18":{"start":{"line":25,"column":12},"end":{"line":25,"column":40}},"19":{"start":{"line":27,"column":8},"end":{"line":29,"column":9}},"20":{"start":{"line":28,"column":12},"end":{"line":28,"column":50}},"21":{"start":{"line":30,"column":8},"end":{"line":32,"column":9}},"22":{"start":{"line":31,"column":12},"end":{"line":31,"column":47}},"23":{"start":{"line":33,"column":8},"end":{"line":33,"column":40}},"24":{"start":{"line":36,"column":8},"end":{"line":38,"column":9}},"25":{"start":{"line":37,"column":12},"end":{"line":37,"column":47}},"26":{"start":{"line":39,"column":8},"end":{"line":41,"column":9}},"27":{"start":{"line":40,"column":12},"end":{"line":40,"column":83}},"28":{"start":{"line":42,"column":18},"end":{"line":42,"column":41}},"29":{"start":{"line":43,"column":8},"end":{"line":43,"column":86}},"30":{"start":{"line":46,"column":26},"end":{"line":46,"column":60}},"31":{"start":{"line":47,"column":8},"end":{"line":49,"column":9}},"32":{"start":{"line":48,"column":12},"end":{"line":48,"column":31}},"33":{"start":{"line":50,"column":19},"end":{"line":50,"column":43}},"34":{"start":{"line":51,"column":8},"end":{"line":51,"column":57}},"35":{"start":{"line":54,"column":26},"end":{"line":54,"column":60}},"36":{"start":{"line":55,"column":8},"end":{"line":57,"column":9}},"37":{"start":{"line":56,"column":12},"end":{"line":56,"column":31}},"38":{"start":{"line":58,"column":19},"end":{"line":58,"column":43}},"39":{"start":{"line":59,"column":8},"end":{"line":61,"column":9}},"40":{"start":{"line":60,"column":12},"end":{"line":60,"column":75}},"41":{"start":{"line":62,"column":8},"end":{"line":62,"column":18}},"42":{"start":{"line":65,"column":8},"end":{"line":67,"column":9}},"43":{"start":{"line":66,"column":12},"end":{"line":66,"column":53}},"44":{"start":{"line":68,"column":8},"end":{"line":76,"column":9}},"45":{"start":{"line":69,"column":12},"end":{"line":71,"column":13}},"46":{"start":{"line":70,"column":16},"end":{"line":70,"column":61}},"47":{"start":{"line":72,"column":26},"end":{"line":72,"column":48}},"48":{"start":{"line":73,"column":12},"end":{"line":75,"column":13}},"49":{"start":{"line":74,"column":16},"end":{"line":74,"column":31}},"50":{"start":{"line":77,"column":8},"end":{"line":77,"column":18}},"51":{"start":{"line":80,"column":8},"end":{"line":82,"column":9}},"52":{"start":{"line":81,"column":12},"end":{"line":81,"column":58}},"53":{"start":{"line":83,"column":23},"end":{"line":83,"column":43}},"54":{"start":{"line":84,"column":8},"end":{"line":110,"column":9}},"55":{"start":{"line":85,"column":33},"end":{"line":85,"column":74}},"56":{"start":{"line":86,"column":12},"end":{"line":88,"column":13}},"57":{"start":{"line":87,"column":16},"end":{"line":87,"column":36}},"58":{"start":{"line":90,"column":13},"end":{"line":110,"column":9}},"59":{"start":{"line":91,"column":33},"end":{"line":91,"column":74}},"60":{"start":{"line":92,"column":12},"end":{"line":94,"column":13}},"61":{"start":{"line":93,"column":16},"end":{"line":93,"column":36}},"62":{"start":{"line":96,"column":13},"end":{"line":110,"column":9}},"63":{"start":{"line":97,"column":33},"end":{"line":97,"column":74}},"64":{"start":{"line":98,"column":12},"end":{"line":100,"column":13}},"65":{"start":{"line":99,"column":16},"end":{"line":99,"column":36}},"66":{"start":{"line":102,"column":13},"end":{"line":110,"column":9}},"67":{"start":{"line":103,"column":31},"end":{"line":103,"column":60}},"68":{"start":{"line":104,"column":12},"end":{"line":106,"column":13}},"69":{"start":{"line":105,"column":16},"end":{"line":105,"column":34}},"70":{"start":{"line":109,"column":12},"end":{"line":109,"column":46}},"71":{"start":{"line":111,"column":8},"end":{"line":111,"column":18}},"72":{"start":{"line":114,"column":0},"end":{"line":114,"column":40}}},"fnMap":{"0":{"name":"(anonymous_0)","decl":{"start":{"line":4,"column":4},"end":{"line":4,"column":5}},"loc":{"start":{"line":4,"column":20},"end":{"line":22,"column":5}},"line":4},"1":{"name":"(anonymous_1)","decl":{"start":{"line":23,"column":4},"end":{"line":23,"column":5}},"loc":{"start":{"line":23,"column":21},"end":{"line":34,"column":5}},"line":23},"2":{"name":"(anonymous_2)","decl":{"start":{"line":35,"column":4},"end":{"line":35,"column":5}},"loc":{"start":{"line":35,"column":37},"end":{"line":44,"column":5}},"line":35},"3":{"name":"(anonymous_3)","decl":{"start":{"line":45,"column":4},"end":{"line":45,"column":5}},"loc":{"start":{"line":45,"column":32},"end":{"line":52,"column":5}},"line":45},"4":{"name":"(anonymous_4)","decl":{"start":{"line":53,"column":4},"end":{"line":53,"column":5}},"loc":{"start":{"line":53,"column":32},"end":{"line":63,"column":5}},"line":53},"5":{"name":"(anonymous_5)","decl":{"start":{"line":64,"column":4},"end":{"line":64,"column":5}},"loc":{"start":{"line":64,"column":30},"end":{"line":78,"column":5}},"line":64},"6":{"name":"(anonymous_6)","decl":{"start":{"line":79,"column":4},"end":{"line":79,"column":5}},"loc":{"start":{"line":79,"column":22},"end":{"line":112,"column":5}},"line":79}},"branchMap":{"0":{"loc":{"start":{"line":24,"column":8},"end":{"line":26,"column":9}},"type":"if","locations":[{"start":{"line":24,"column":8},"end":{"line":26,"column":9}},{"start":{"line":24,"column":8},"end":{"line":26,"column":9}}],"line":24},"1":{"loc":{"start":{"line":24,"column":12},"end":{"line":24,"column":65}},"type":"binary-expr","locations":[{"start":{"line":24,"column":12},"end":{"line":24,"column":33}},{"start":{"line":24,"column":37},"end":{"line":24,"column":65}}],"line":24},"2":{"loc":{"start":{"line":27,"column":8},"end":{"line":29,"column":9}},"type":"if","locations":[{"start":{"line":27,"column":8},"end":{"line":29,"column":9}},{"start":{"line":27,"column":8},"end":{"line":29,"column":9}}],"line":27},"3":{"loc":{"start":{"line":30,"column":8},"end":{"line":32,"column":9}},"type":"if","locations":[{"start":{"line":30,"column":8},"end":{"line":32,"column":9}},{"start":{"line":30,"column":8},"end":{"line":32,"column":9}}],"line":30},"4":{"loc":{"start":{"line":36,"column":8},"end":{"line":38,"column":9}},"type":"if","locations":[{"start":{"line":36,"column":8},"end":{"line":38,"column":9}},{"start":{"line":36,"column":8},"end":{"line":38,"column":9}}],"line":36},"5":{"loc":{"start":{"line":36,"column":12},"end":{"line":36,"column":67}},"type":"binary-expr","locations":[{"start":{"line":36,"column":12},"end":{"line":36,"column":34}},{"start":{"line":36,"column":38},"end":{"line":36,"column":67}}],"line":36},"6":{"loc":{"start":{"line":39,"column":8},"end":{"line":41,"column":9}},"type":"if","locations":[{"start":{"line":39,"column":8},"end":{"line":41,"column":9}},{"start":{"line":39,"column":8},"end":{"line":41,"column":9}}],"line":39},"7":{"loc":{"start":{"line":43,"column":15},"end":{"line":43,"column":85}},"type":"cond-expr","locations":[{"start":{"line":43,"column":24},"end":{"line":43,"column":53}},{"start":{"line":43,"column":56},"end":{"line":43,"column":85}}],"line":43},"8":{"loc":{"start":{"line":47,"column":8},"end":{"line":49,"column":9}},"type":"if","locations":[{"start":{"line":47,"column":8},"end":{"line":49,"column":9}},{"start":{"line":47,"column":8},"end":{"line":49,"column":9}}],"line":47},"9":{"loc":{"start":{"line":55,"column":8},"end":{"line":57,"column":9}},"type":"if","locations":[{"start":{"line":55,"column":8},"end":{"line":57,"column":9}},{"start":{"line":55,"column":8},"end":{"line":57,"column":9}}],"line":55},"10":{"loc":{"start":{"line":59,"column":8},"end":{"line":61,"column":9}},"type":"if","locations":[{"start":{"line":59,"column":8},"end":{"line":61,"column":9}},{"start":{"line":59,"column":8},"end":{"line":61,"column":9}}],"line":59},"11":{"loc":{"start":{"line":65,"column":8},"end":{"line":67,"column":9}},"type":"if","locations":[{"start":{"line":65,"column":8},"end":{"line":67,"column":9}},{"start":{"line":65,"column":8},"end":{"line":67,"column":9}}],"line":65},"12":{"loc":{"start":{"line":65,"column":12},"end":{"line":65,"column":57}},"type":"binary-expr","locations":[{"start":{"line":65,"column":12},"end":{"line":65,"column":34}},{"start":{"line":65,"column":38},"end":{"line":65,"column":57}}],"line":65},"13":{"loc":{"start":{"line":69,"column":12},"end":{"line":71,"column":13}},"type":"if","locations":[{"start":{"line":69,"column":12},"end":{"line":71,"column":13}},{"start":{"line":69,"column":12},"end":{"line":71,"column":13}}],"line":69},"14":{"loc":{"start":{"line":69,"column":16},"end":{"line":69,"column":65}},"type":"binary-expr","locations":[{"start":{"line":69,"column":16},"end":{"line":69,"column":35}},{"start":{"line":69,"column":39},"end":{"line":69,"column":65}}],"line":69},"15":{"loc":{"start":{"line":73,"column":12},"end":{"line":75,"column":13}},"type":"if","locations":[{"start":{"line":73,"column":12},"end":{"line":75,"column":13}},{"start":{"line":73,"column":12},"end":{"line":75,"column":13}}],"line":73},"16":{"loc":{"start":{"line":80,"column":8},"end":{"line":82,"column":9}},"type":"if","locations":[{"start":{"line":80,"column":8},"end":{"line":82,"column":9}},{"start":{"line":80,"column":8},"end":{"line":82,"column":9}}],"line":80},"17":{"loc":{"start":{"line":84,"column":8},"end":{"line":110,"column":9}},"type":"if","locations":[{"start":{"line":84,"column":8},"end":{"line":110,"column":9}},{"start":{"line":84,"column":8},"end":{"line":110,"column":9}}],"line":84},"18":{"loc":{"start":{"line":86,"column":12},"end":{"line":88,"column":13}},"type":"if","locations":[{"start":{"line":86,"column":12},"end":{"line":88,"column":13}},{"start":{"line":86,"column":12},"end":{"line":88,"column":13}}],"line":86},"19":{"loc":{"start":{"line":90,"column":13},"end":{"line":110,"column":9}},"type":"if","locations":[{"start":{"line":90,"column":13},"end":{"line":110,"column":9}},{"start":{"line":90,"column":13},"end":{"line":110,"column":9}}],"line":90},"20":{"loc":{"start":{"line":92,"column":12},"end":{"line":94,"column":13}},"type":"if","locations":[{"start":{"line":92,"column":12},"end":{"line":94,"column":13}},{"start":{"line":92,"column":12},"end":{"line":94,"column":13}}],"line":92},"21":{"loc":{"start":{"line":96,"column":13},"end":{"line":110,"column":9}},"type":"if","locations":[{"start":{"line":96,"column":13},"end":{"line":110,"column":9}},{"start":{"line":96,"column":13},"end":{"line":110,"column":9}}],"line":96},"22":{"loc":{"start":{"line":98,"column":12},"end":{"line":100,"column":13}},"type":"if","locations":[{"start":{"line":98,"column":12},"end":{"line":100,"column":13}},{"start":{"line":98,"column":12},"end":{"line":100,"column":13}}],"line":98},"23":{"loc":{"start":{"line":102,"column":13},"end":{"line":110,"column":9}},"type":"if","locations":[{"start":{"line":102,"column":13},"end":{"line":110,"column":9}},{"start":{"line":102,"column":13},"end":{"line":110,"column":9}}],"line":102},"24":{"loc":{"start":{"line":104,"column":12},"end":{"line":106,"column":13}},"type":"if","locations":[{"start":{"line":104,"column":12},"end":{"line":106,"column":13}},{"start":{"line":104,"column":12},"end":{"line":106,"column":13}}],"line":104}},"s":{"0":1,"1":6,"2":6,"3":6,"4":6,"5":6,"6":6,"7":6,"8":6,"9":42,"10":6,"11":6,"12":6,"13":6,"14":6,"15":6,"16":6,"17":0,"18":0,"19":0,"20":0,"21":0,"22":0,"23":0,"24":6,"25":0,"26":6,"27":0,"28":6,"29":6,"30":3,"31":3,"32":0,"33":3,"34":3,"35":3,"36":3,"37":0,"38":3,"39":3,"40":0,"41":3,"42":3,"43":0,"44":3,"45":6,"46":0,"47":6,"48":6,"49":0,"50":3,"51":9,"52":0,"53":9,"54":9,"55":3,"56":3,"57":0,"58":6,"59":3,"60":3,"61":0,"62":3,"63":3,"64":3,"65":0,"66":0,"67":0,"68":0,"69":0,"70":0,"71":9,"72":1},"f":{"0":6,"1":0,"2":6,"3":3,"4":3,"5":3,"6":9},"b":{"0":[0,0],"1":[0,0],"2":[0,0],"3":[0,0],"4":[0,6],"5":[6,6],"6":[0,6],"7":[3,3],"8":[0,3],"9":[0,3],"10":[0,3],"11":[0,3],"12":[3,3],"13":[0,6],"14":[6,6],"15":[0,6],"16":[0,9],"17":[3,6],"18":[0,3],"19":[3,3],"20":[0,3],"21":[3,0],"22":[0,3],"23":[0,0],"24":[0,0]},"_coverageSchema":"332fd63041d2c1bcb487cc26dd0d5f7d97098a6c","hash":"c40c49ca06f9ada8058e12ddcc8ab437b6a082fd","contentHash":"e9d9873787d374bbff87bd1af593e556_11.3.0"},"/Users/yangyang/project_team087/src/controller/QueryValidateKit/QueryTransformValid.js":{"path":"/Users/yangyang/project_team087/src/controller/QueryValidateKit/QueryTransformValid.js","statementMap":{"0":{"start":{"line":2,"column":0},"end":{"line":2,"column":62}},"1":{"start":{"line":5,"column":8},"end":{"line":5,"column":31}},"2":{"start":{"line":6,"column":8},"end":{"line":6,"column":40}},"3":{"start":{"line":7,"column":8},"end":{"line":7,"column":21}},"4":{"start":{"line":8,"column":8},"end":{"line":8,"column":32}},"5":{"start":{"line":9,"column":8},"end":{"line":9,"column":32}},"6":{"start":{"line":12,"column":8},"end":{"line":14,"column":9}},"7":{"start":{"line":13,"column":12},"end":{"line":13,"column":51}},"8":{"start":{"line":15,"column":8},"end":{"line":15,"column":61}},"9":{"start":{"line":18,"column":8},"end":{"line":20,"column":9}},"10":{"start":{"line":19,"column":12},"end":{"line":19,"column":47}},"11":{"start":{"line":21,"column":20},"end":{"line":21,"column":45}},"12":{"start":{"line":22,"column":8},"end":{"line":24,"column":9}},"13":{"start":{"line":23,"column":12},"end":{"line":23,"column":67}},"14":{"start":{"line":25,"column":23},"end":{"line":25,"column":44}},"15":{"start":{"line":26,"column":26},"end":{"line":26,"column":57}},"16":{"start":{"line":27,"column":8},"end":{"line":29,"column":9}},"17":{"start":{"line":28,"column":12},"end":{"line":28,"column":29}},"18":{"start":{"line":30,"column":26},"end":{"line":30,"column":39}},"19":{"start":{"line":31,"column":8},"end":{"line":31,"column":58}},"20":{"start":{"line":34,"column":8},"end":{"line":36,"column":9}},"21":{"start":{"line":35,"column":12},"end":{"line":35,"column":47}},"22":{"start":{"line":37,"column":20},"end":{"line":37,"column":44}},"23":{"start":{"line":38,"column":8},"end":{"line":40,"column":9}},"24":{"start":{"line":39,"column":12},"end":{"line":39,"column":67}},"25":{"start":{"line":41,"column":21},"end":{"line":41,"column":41}},"26":{"start":{"line":42,"column":24},"end":{"line":42,"column":51}},"27":{"start":{"line":43,"column":8},"end":{"line":45,"column":9}},"28":{"start":{"line":44,"column":12},"end":{"line":44,"column":27}},"29":{"start":{"line":46,"column":8},"end":{"line":46,"column":47}},"30":{"start":{"line":49,"column":8},"end":{"line":51,"column":9}},"31":{"start":{"line":50,"column":12},"end":{"line":50,"column":44}},"32":{"start":{"line":52,"column":8},"end":{"line":57,"column":9}},"33":{"start":{"line":53,"column":22},"end":{"line":53,"column":47}},"34":{"start":{"line":54,"column":12},"end":{"line":56,"column":13}},"35":{"start":{"line":55,"column":16},"end":{"line":55,"column":27}},"36":{"start":{"line":58,"column":8},"end":{"line":58,"column":18}},"37":{"start":{"line":61,"column":8},"end":{"line":63,"column":9}},"38":{"start":{"line":62,"column":12},"end":{"line":62,"column":53}},"39":{"start":{"line":64,"column":8},"end":{"line":69,"column":9}},"40":{"start":{"line":65,"column":22},"end":{"line":65,"column":48}},"41":{"start":{"line":66,"column":12},"end":{"line":68,"column":13}},"42":{"start":{"line":67,"column":16},"end":{"line":67,"column":27}},"43":{"start":{"line":70,"colu
[...]
186,"column":17}},{"start":{"line":183,"column":16},"end":{"line":186,"column":17}}],"line":183},"24":{"loc":{"start":{"line":195,"column":24},"end":{"line":199,"column":25}},"type":"if","locations":[{"start":{"line":195,"column":24},"end":{"line":199,"column":25}},{"start":{"line":195,"column":24},"end":{"line":199,"column":25}}],"line":195},"25":{"loc":{"start":{"line":195,"column":28},"end":{"line":195,"column":70}},"type":"binary-expr","locations":[{"start":{"line":195,"column":28},"end":{"line":195,"column":47}},{"start":{"line":195,"column":51},"end":{"line":195,"column":70}}],"line":195},"26":{"loc":{"start":{"line":211,"column":8},"end":{"line":229,"column":9}},"type":"if","locations":[{"start":{"line":211,"column":8},"end":{"line":229,"column":9}},{"start":{"line":211,"column":8},"end":{"line":229,"column":9}}],"line":211},"27":{"loc":{"start":{"line":213,"column":16},"end":{"line":226,"column":17}},"type":"if","locations":[{"start":{"line":213,"column":16},"end":{"line":226,"column":17}},{"start":{"line":213,"column":16},"end":{"line":226,"column":17}}],"line":213},"28":{"loc":{"start":{"line":218,"column":21},"end":{"line":226,"column":17}},"type":"if","locations":[{"start":{"line":218,"column":21},"end":{"line":226,"column":17}},{"start":{"line":218,"column":21},"end":{"line":226,"column":17}}],"line":218},"29":{"loc":{"start":{"line":221,"column":21},"end":{"line":226,"column":17}},"type":"if","locations":[{"start":{"line":221,"column":21},"end":{"line":226,"column":17}},{"start":{"line":221,"column":21},"end":{"line":226,"column":17}}],"line":221},"30":{"loc":{"start":{"line":224,"column":21},"end":{"line":226,"column":17}},"type":"if","locations":[{"start":{"line":224,"column":21},"end":{"line":226,"column":17}},{"start":{"line":224,"column":21},"end":{"line":226,"column":17}}],"line":224},"31":{"loc":{"start":{"line":241,"column":8},"end":{"line":270,"column":9}},"type":"if","locations":[{"start":{"line":241,"column":8},"end":{"line":270,"column":9}},{"start":{"line":241,"column":8},"end":{"line":270,"column":9}}],"line":241},"32":{"loc":{"start":{"line":250,"column":20},"end":{"line":262,"column":21}},"type":"if","locations":[{"start":{"line":250,"column":20},"end":{"line":262,"column":21}},{"start":{"line":250,"column":20},"end":{"line":262,"column":21}}],"line":250},"33":{"loc":{"start":{"line":251,"column":24},"end":{"line":261,"column":25}},"type":"if","locations":[{"start":{"line":251,"column":24},"end":{"line":261,"column":25}},{"start":{"line":251,"column":24},"end":{"line":261,"column":25}}],"line":251},"34":{"loc":{"start":{"line":278,"column":8},"end":{"line":286,"column":9}},"type":"if","locations":[{"start":{"line":278,"column":8},"end":{"line":286,"column":9}},{"start":{"line":278,"column":8},"end":{"line":286,"column":9}}],"line":278},"35":{"loc":{"start":{"line":281,"column":13},"end":{"line":286,"column":9}},"type":"if","locations":[{"start":{"line":281,"column":13},"end":{"line":286,"column":9}},{"start":{"line":281,"column":13},"end":{"line":286,"column":9}}],"line":281}},"s":{"0":1,"1":1,"2":1,"3":1,"4":1,"5":1,"6":1,"7":1,"8":5945,"9":3589,"10":2355,"11":0,"12":2355,"13":2355,"14":0,"15":3589,"16":0,"17":3589,"18":3589,"19":0,"20":3589,"21":3589,"22":64612,"23":24621,"24":64612,"25":64612,"26":3589,"27":1,"28":1,"29":1,"30":1,"31":1,"32":5945,"33":1,"34":5944,"35":1,"36":5945,"37":5945,"38":5945,"39":5945,"40":2356,"41":3589,"42":3589,"43":0,"44":0,"45":3589,"46":1,"47":1,"48":1,"49":3589,"50":0,"51":3589,"52":3589,"53":1,"54":1,"55":40480,"56":1936530,"57":1108,"58":1108,"59":1108,"60":1108,"61":660,"62":660,"63":660,"64":5460,"65":448,"66":1701,"67":1701,"68":1701,"69":17010,"70":1701,"71":15309,"72":1701,"73":13608,"74":1701,"75":11907,"76":1701,"77":10206,"78":1701,"79":6804,"80":1701,"81":1701,"82":1701,"83":1701,"84":1701,"85":1701,"86":1108,"87":0,"88":1701,"89":1701,"90":1701,"91":1701,"92":1701,"93":0,"94":1701,"95":0,"96":1701,"97":0,"98":0,"99":1701,"100":1701,"101":1701,"102":1701,"103":1701,"104":1701,"105":1701,"106":1701,"107":1701,"108":1701,"109":1701,"110":0,"111":0,"112":5460,"113":5460,"114":60060,"115":5460,"116":5460,"117":5460,"118":54600,"119":5460,"120":49140,"121":5460,"122":43680,"123":5460,"124":5460,"125":0,"126":23,"127":1701,"128":28,"129":28,"130":28,"131":28,"132":23,"133":23,"134":23,"135":23,"136":23,"137":23,"138":14,"139":1035,"140":616,"141":14,"142":14,"143":70,"144":602,"145":5026,"146":14,"147":14,"148":5,"149":31,"150":29,"151":29,"152":1,"153":28,"154":28,"155":0,"156":1},"f":{"0":5945,"1":3589,"2":64612,"3":1,"4":5945,"5":1,"6":5945,"7":1,"8":40480,"9":1936530,"10":1108,"11":5460,"12":1701,"13":6804,"14":1701,"15":1108,"16":1701,"17":1701,"18":1701,"19":1701,"20":1701,"21":0,"22":5460,"23":23,"24":1701,"25":28,"26":23,"27":14,"28":70,"29":5026,"30":31,"31":29,"32":29},"b":{"0":[3589,2355],"1":[5945,5944],"2":[0,2355],"3":[2355,0],"4":[0,3589],"5":[24621,39991],"6":[64612,0],"7":[1,5944],"8":[1,3588],"9":[1,0],"10":[1,1],"11":[0,3589],"12":[40480,23],"13":[1936530,660],"14":[660,448],"15":[1701,0],"16":[1701,15309],"17":[1701,13608],"18":[1701,11907],"19":[1701,10206],"20":[1701,8505],"21":[0,1701],"22":[0,1701],"23":[0,1701],"24":[1701,0],"25":[1701,1701],"26":[5460,0],"27":[5460,54600],"28":[5460,49140],"29":[5460,43680],"30":[5460,38220],"31":[23,5],"32":[616,419],"33":[14,602],"34":[1,28],"35":[28,0]},"_coverageSchema":"332fd63041d2c1bcb487cc26dd0d5f7d97098a6c","hash":"a32071fda4c186a34ebe38de5920f56274be9c53","contentHash":"c27ebd1ce9a517d13bf77a6a2399e9ca_11.3.0"},"/Users/yangyang/project_team087/src/controller/InsightParse5Selector.js":{"path":"/Users/yangyang/project_team087/src/controller/InsightParse5Selector.js","statementMap":{"0":{"start":{"line":2,"column":0},"end":{"line":2,"column":62}},"1":{"start":{"line":5,"column":8},"end":{"line":5,"column":61}},"2":{"start":{"line":8,"column":8},"end":{"line":8,"column":64}},"3":{"start":{"line":11,"column":8},"end":{"line":20,"column":9}},"4":{"start":{"line":12,"column":12},"end":{"line":12,"column":25}},"5":{"start":{"line":15,"column":12},"end":{"line":19,"column":13}},"6":{"start":{"line":16,"column":16},"end":{"line":18,"column":17}},"7":{"start":{"line":17,"column":20},"end":{"line":17,"column":32}},"8":{"start":{"line":21,"column":8},"end":{"line":21,"column":21}},"9":{"start":{"line":24,"column":21},"end":{"line":24,"column":23}},"10":{"start":{"line":25,"column":8},"end":{"line":27,"column":9}},"11":{"start":{"line":26,"column":12},"end":{"line":26,"column":79}},"12":{"start":{"line":28,"column":8},"end":{"line":28,"column":22}},"13":{"start":{"line":31,"column":21},"end":{"line":31,"column":23}},"14":{"start":{"line":32,"column":8},"end":{"line":43,"column":9}},"15":{"start":{"line":33,"column":12},"end":{"line":33,"column":30}},"16":{"start":{"line":34,"column":12},"end":{"line":36,"column":13}},"17":{"start":{"line":35,"column":16},"end":{"line":35,"column":30}},"18":{"start":{"line":38,"column":13},"end":{"line":43,"column":9}},"19":{"start":{"line":39,"column":12},"end":{"line":39,"column":94}},"20":{"start":{"line":42,"column":12},"end":{"line":42,"column":26}},"21":{"start":{"line":46,"column":8},"end":{"line":78,"column":9}},"22":{"start":{"line":47,"column":12},"end":{"line":77,"column":13}},"23":{"start":{"line":48,"column":16},"end":{"line":76,"column":17}},"24":{"start":{"line":49,"column":43},"end":{"line":49,"column":52}},"25":{"start":{"line":50,"column":20},"end":{"line":75,"column":21}},"26":{"start":{"line":51,"column":24},"end":{"line":74,"column":25}},"27":{"start":{"line":52,"column":28},"end":{"line":73,"column":29}},"28":{"start":{"line":53,"column":54},"end":{"line":53,"column":62}},"29":{"start":{"line":54,"column":32},"end":{"line":72,"column":33}},"30":{"start":{"line":55,"column":36},"end":{"line":71,"column":37}},"31":{"start":{"line":56,"column":40},"end":{"line":70,"column":41}},"32":{"start":{"line":57,"column":64},"end":{"line":57,"column":70}},"33":{"start":{"line":58,"column":44},"end":{"line":69,"column":45}},"34":{"start":{"line":59,"column":48},"end":{"line":68,"column":49}},"35":{"start":{"line":60,"column":52},"end":{"line":67,"column":53}},"36":{"start":{"line":61,"column":76},"end":{"line":61,"column":82}},"37":{"start":{"line":62,"column":56},"end":{"line":66,"column":57}},"38":{"start":{"line":63,"column":60},"end":{"line":65,"column":61}},"39":{"start":{"line":64,"column":64},"end":{"line":64,"column":76}},"40":{"start":{"line":79,"column":8},"end":{"line":79,"column":21}},"41":{"start":{"line":82,"column":8},"end":{"line":83,"column":70}},"42":{"start":{"line":86,"column":8},"end":{"line":86,"column":55}},"43":{"start":{"line":89,"column":8},"end":{"line":89,"column":58}},"44":{"start":{"line":92,"column":8},"end":{"line":100,"column":9}},"45":{"start":{"line":93,"column":12},"end":{"line":99,"column":13}},"46":{"start":{"line":94,"column":16},"end":{"line":98,"column":17}},"47":{"start":{"line":95,"column":20},"end":{"line":97,"column":21}},"48":{"start":{"line":96,"column":24},"end":{"line":96,"column":64}},"49":{"start":{"line":101,"column":8},"end":{"line":101,"column":18}},"50":{"start":{"line":104,"column":8},"end":{"line":110,"column":9}},"51":{"start":{"line":105,"column":12},"end":{"line":109,"column":13}},"52":{"start":{"line":106,"column":16},"end":{"line":108,"column":17}},"53":{"start":{"line":107,"column":20},"end":{"line":107,"column":38}},"54":{"start":{"line":111,"column":8},"end":{"line":111,"column":18}},"55":{"start":{"line":114,"column":19},"end":{"line":116,"column":13}},"56":{"start":{"line":115,"column":12},"end":{"line":115,"column":59}},"57":{"start":{"line":117,"column":8},"end":{"line":117,"column":73}},"58":{"start":{"line":120,"column":0},"end":{"line":120,"column":40}}},"fnMap":{"0":{"name":"(anonymous_0)","decl":{"start":{"line":4,"column":4},"end":{"line":4,"column":5}},"loc":{"start":{"line":4,"column":32},"end":{"line":6,"column":5}},"line":4},"1":{"name":"(anonymous_1)","decl":{"start":{"line":7,"column":4},"end":{"line":7,"column":5}},"loc":{"start":{"line":7,"column":34},"end":{"line":9,"column":5}},"line":7},"2":{"name":"(anonymous_2)","decl":{"start":{"line":10,"column":4},"end":{"line":10,"column":5}},"loc":{"start":{"line":10,"column":41},"end":{"line":22,"column":5}},"line":10},"3":{"name":"(anonymous_3)","decl":{"start":{"line":23,"column":4},"end":{"line":23,"column":5}},"loc":{"start":{"line":23,"column":64},"end":{"line":29,"column":5}},"line":23},"4":{"name":"(anonymous_4)","decl":{"start":{"line":30,"column":4},"end":{"line":30,"column":5}},"loc":{"start":{"line":30,"column":57},"end":{"line":44,"column":5}},"line":30},"5":{"name":"(anonymous_5)","decl":{"start":{"line":45,"column":4},"end":{"line":45,"column":5}},"loc":{"start":{"line":45,"column":40},"end":{"line":80,"column":5}},"line":45},"6":{"name":"(anonymous_6)","decl":{"start":{"line":81,"column":4},"end":{"line":81,"column":5}},"loc":{"start":{"line":81,"column":32},"end":{"line":84,"column":5}},"line":81},"7":{"name":"(anonymous_7)","decl":{"start":{"line":85,"column":4},"end":{"line":85,"column":5}},"loc":{"start":{"line":85,"column":32},"end":{"line":87,"column":5}},"line":85},"8":{"name":"(anonymous_8)","decl":{"start":{"line":88,"column":4},"end":{"line":88,"column":5}},"loc":{"start":{"line":88,"column":29},"end":{"line":90,"column":5}},"line":88},"9":{"name":"(anonymous_9)","decl":{"start":{"line":91,"column":4},"end":{"line":91,"column":5}},"loc":{"start":{"line":91,"column":47},"end":{"line":102,"column":5}},"line":91},"10":{"name":"(anonymous_10)","decl":{"start":{"line":103,"column":4},"end":{"line":103,"column":5}},"loc":{"start":{"line":103,"column":40},"end":{"line":112,"column":5}},"line":103},"11":{"name":"(anonymous_11)","decl":{"start":{"line":113,"column":4},"end":{"line":113,"column":5}},"loc":{"start":{"line":113,"column":38},"end":{"line":118,"column":5}},"line":113},"12":{"name":"(anonymous_12)","decl":{"start":{"line":114,"column":62},"end":{"line":114,"column":63}},"loc":{"start":{"line":114,"column":73},"end":{"line":116,"column":9}},"line":114}},"branchMap":{"0":{"loc":{"start":{"line":5,"column":15},"end":{"line":5,"column":60}},"type":"binary-expr","locations":[{"start":{"line":5,"column":15},"end":{"line":5,"column":32}},{"start":{"line":5,"column":36},"end":{"line":5,"column":60}}],"line":5},"1":{"loc":{"start":{"line":8,"column":15},"end":{"line":8,"column":63}},"type":"binary-expr","locations":[{"start":{"line":8,"column":15},"end":{"line":8,"column":33}},{"start":{"line":8,"column":37},"end":{"line":8,"column":63}}],"line":8},"2":{"loc":{"start":{"line":11,"column":8},"end":{"line":20,"column":9}},"type":"if","locations":[{"start":{"line":11,"column":8},"end":{"line":20,"column":9}},{"start":{"line":11,"column":8},"end":{"line":20,"column":9}}],"line":11},"3":{"loc":{"start":{"line":16,"column":16},"end":{"line":18,"column":17}},"type":"if","locations":[{"start":{"line":16,"column":16},"end":{"line":18,"column":17}},{"start":{"line":16,"column":16},"end":{"line":18,"column":17}}],"line":16},"4":{"loc":{"start":{"line":16,"column":20},"end":{"line":16,"column":69}},"type":"binary-expr","locations":[{"start":{"line":16,"column":20},"end":{"line":16,"column":35}},{"start":{"line":16,"column":39},"end":{"line":16,"column":69}}],"line":16},"5":{"loc":{"start":{"line":23,"column":47},"end":{"line":23,"column":62}},"type":"default-arg","locations":[{"start":{"line":23,"column":57},"end":{"line":23,"column":62}}],"line":23},"6":{"loc":{"start":{"line":30,"column":40},"end":{"line":30,"column":55}},"type":"default-arg","locations":[{"start":{"line":30,"column":50},"end":{"line":30,"column":55}}],"line":30},"7":{"loc":{"start":{"line":32,"column":8},"end":{"line":43,"column":9}},"type":"if","locations":[{"start":{"line":32,"column":8},"end":{"line":43,"column":9}},{"start":{"line":32,"column":8},"end":{"line":43,"column":9}}],"line":32},"8":{"loc":{"start":{"line":34,"column":12},"end":{"line":36,"column":13}},"type":"if","locations":[{"start":{"line":34,"column":12},"end":{"line":36,"column":13}},{"start":{"line":34,"column":12},"end":{"line":36,"column":13}}],"line":34},"9":{"loc":{"start":{"line":38,"column":13},"end":{"line":43,"column":9}},"type":"if","locations":[{"start":{"line":38,"column":13},"end":{"line":43,"column":9}},{"start":{"line":38,"column":13},"end":{"line":43,"column":9}}],"line":38},"10":{"loc":{"start":{"line":46,"column":8},"end":{"line":78,"column":9}},"type":"if","locations":[{"start":{"line":46,"column":8},"end":{"line":78,"column":9}},{"start":{"line":46,"column":8},"end":{"line":78,"column":9}}],"line":46},"11":{"loc":{"start":{"line":48,"column":16},"end":{"line":76,"column":17}},"type":"if","locations":[{"start":{"line":48,"column":16},"end":{"line":76,"column":17}},{"start":{"line":48,"column":16},"end":{"line":76,"column":17}}],"line":48},"12":{"loc":{"start":{"line":50,"column":20},"end":{"line":75,"column":21}},"type":"if","locations":[{"start":{"line":50,"column":20},"end":{"line":75,"column":21}},{"start":{"line":50,"column":20},"end":{"line":75,"column":21}}],"line":50},"13":{"loc":{"start":{"line":52,"column":28},"end":{"line":73,"column":29}},"type":"if","locations":[{"start":{"line":52,"column":28},"end":{"line":73,"column":29}},{"start":{"line":52,"column":28},"end":{"line":73,"column":29}}],"line":52},"14":{"loc":{"start":{"line":54,"column":32},"end":{"line":72,"column":33}},"type":"if","locations":[{"start":{"line":54,"column":32},"end":{"line":72,"column":33}},{"start":{"line":54,"column":32},"end":{"line":72,"column":33}}],"line":54},"15":{"loc":{"start":{"line":56,"column":40},"end":{"line":70,"column":41}},"type":"if","locations":[{"start":{"line":56,"column":40},"end":{"line":70,"column":41}},{"start":{"line":56,"column":40},"end":{"line":70,"column":41}}],"line":56},"16":{"loc":{"start":{"line":58,"column":44},"end":{"line":69,"column":45}},"type":"if","locations":[{"start":{"line":58,"column":44},"end":{"line":69,"column":45}},{"start":{"line":58,"column":44},"end":{"line":69,"column":45}}],"line":58},"17":{"loc":{"start":{"line":60,"column":52},"end":{"line":67,"column":53}},"type":"if","locations":[{"start":{"line":60,"column":52},"end":{"line":67,"column":53}},{"start":{"line":60,"column":52},"end":{"line":67,"column":53}}],"line":60},"18":{"loc":{"start":{"line":62,"column":56},"end":{"line":66,"column":57}},"type":"if","locations":[{"start":{"line":62,"column":56},"end":{"line":66,"column":57}},{"start":{"line":62,"column":56},"end":{"line":66,"column":57}}],"line":62},"19":{"loc":{"start":{"line":63,"column":60},"end":{"line":65,"column":61}},"type":"if","locations":[{"start":{"line":63,"column":60},"end":{"line":65,"column":61}},{"start":{"line":63,"column":60},"end":{"line":65,"column":61}}],"line":63},"20":{"loc":{"start":{"line":82,"column":15},"end":{"line":83,"column":69}},"type":"binary-expr","locations":[{"start":{"line":82,"column":15},"end":{"line":82,"column":53}},{"start":{"line":82,"column":57},"end":{"line":82,"column":77}},{"start":{"line":83,"column":12},"end":{"line":83,"column":69}}],"line":82},"21":{"loc":{"start":{"line":92,"column":8},"end":{"line":100,"column":9}},"type":"if","locations":[{"start":{"line":92,"column":8},"end":{"line":100,"column":9}},{"start":{"line":92,"column":8},"end":{"line":100,"column":9}}],"line":92},"22":{"loc":{"start":{"line":94,"column":16},"end":{"line":98,"column":17}},"type":"if","locations":[{"start":{"line":94,"column":16},"end":{"line":98,"column":17}},{"start":{"line":94,"column":16},"end":{"line":98,"column":17}}],"line":94},"23":{"loc":{"start":{"line":95,"column":20},"end":{"line":97,"column":21}},"type":"if","locations":[{"start":{"line":95,"column":20},"end":{"line":97,"column":21}},{"start":{"line":95,"column":20},"end":{"line":97,"column":21}}],"line":95},"24":{"loc":{"start":{"line":104,"column":8},"end":{"line":110,"column":9}},"type":"if","locations":[{"start":{"line":104,"column":8},"end":{"line":110,"column":9}},{"start":{"line":104,"column":8},"end":{"line":110,"column":9}}],"line":104},"25":{"loc":{"start":{"line":106,"column":16},"end":{"line":108,"column":17}},"type":"if","locations":[{"start":{"line":106,"column":16},"end":{"line":108,"column":17}},{"start":{"line":106,"column":16},"end":{"line":108,"column":17}}],"line":106},"26":{"loc":{"start":{"line":106,"column":20},"end":{"line":106,"column":79}},"type":"binary-expr","locations":[{"start":{"line":106,"column":20},"end":{"line":106,"column":34}},{"start":{"line":106,"column":38},"end":{"line":106,"column":60}},{"start":{"line":106,"column":64},"end":{"line":106,"column":79}}],"line":106}},"s":{"0":1,"1":2050731,"2":28332,"3":275520,"4":173565,"5":101955,"6":101955,"7":30345,"8":71610,"9":1040794,"10":1040794,"11":2033862,"12":1040794,"13":2045221,"14":2045221,"15":17389,"16":17389,"17":17389,"18":2027832,"19":1040794,"20":987038,"21":683,"22":683,"23":1366,"24":683,"25":683,"26":683,"27":1366,"28":683,"29":683,"30":683,"31":2778,"32":1389,"33":1389,"34":1389,"35":1389,"36":1389,"37":1389,"38":1389,"39":683,"40":0,"41":0,"42":15688,"43":17075,"44":26943,"45":26943,"46":26943,"47":26943,"48":26943,"49":0,"50":1701,"51":1701,"52":1701,"53":1701,"54":0,"55":7161,"56":28644,"57":7161,"58":1},"f":{"0":2050731,"1":28332,"2":275520,"3":1040794,"4":2045221,"5":683,"6":0,"7":15688,"8":17075,"9":26943,"10":1701,"11":7161,"12":28644},"b":{"0":[2050731,1059807],"1":[28332,28332],"2":[173565,101955],"3":[30345,71610],"4":[101955,101955],"5":[0],"6":[11359],"7":[17389,2027832],"8":[17389,0],"9":[1040794,987038],"10":[683,0],"11":[683,683],"12":[683,0],"13":[683,683],"14":[683,0],"15":[1389,1389],"16":[1389,0],"17":[1389,0],"18":[1389,0],"19":[683,706],"20":[0,0,0],"21":[26943,0],"22":[26943,0],"23":[26943,0],"24":[1701,0],"25":[1701,0],"26":[1701,1701,1701]},"_coverageSchema":"332fd63041d2c1bcb487cc26dd0d5f7d97098a6c","hash":"c33e23fdabc61213b80548dbe2bbeb935304ba9f","contentHash":"eda3033cd083936a671e5b5e706703e0_11.3.0"}}